SF:lib\core\network\api_services.g.dart
DA:12,0
DA:20,0
DA:22,0
DA:23,0
DA:24,0
DA:26,0
DA:27,0
DA:28,0
DA:29,0
DA:34,0
DA:36,0
DA:39,0
DA:41,0
DA:47,0
DA:49,0
DA:50,0
DA:51,0
DA:53,0
DA:54,0
DA:55,0
DA:56,0
DA:61,0
DA:63,0
DA:66,0
DA:68,0
DA:74,0
DA:79,0
DA:80,0
DA:81,0
DA:82,0
DA:83,0
DA:84,0
DA:85,0
DA:86,0
DA:87,0
DA:88,0
DA:92,0
DA:94,0
DA:97,0
DA:99,0
DA:100,0
DA:101,0
DA:102,0
DA:103,0
DA:104,0
DA:105,0
DA:106,0
DA:107,0
DA:112,0
DA:114,0
DA:117,0
DA:119,0
DA:125,0
DA:129,0
DA:130,0
DA:131,0
DA:132,0
DA:133,0
DA:134,0
DA:135,0
DA:136,0
DA:137,0
DA:142,0
DA:144,0
DA:147,0
DA:149,0
DA:155,0
DA:157,0
DA:158,0
DA:159,0
DA:160,0
DA:161,0
DA:162,0
DA:163,0
DA:164,0
DA:165,0
DA:170,0
DA:172,0
DA:175,0
DA:177,0
DA:183,0
DA:185,0
DA:186,0
DA:187,0
DA:188,0
DA:189,0
DA:190,0
DA:191,0
DA:192,0
DA:193,0
DA:198,0
DA:200,0
DA:203,0
DA:205,0
DA:211,0
DA:213,0
DA:214,0
DA:215,0
DA:217,0
DA:218,0
DA:219,0
DA:220,0
DA:225,0
DA:227,0
DA:230,0
DA:232,0
DA:238,0
DA:240,0
DA:241,0
DA:242,0
DA:244,0
DA:245,0
DA:246,0
DA:247,0
DA:248,0
DA:252,0
DA:254,0
DA:257,0
DA:259,0
DA:265,0
DA:267,0
DA:268,0
DA:269,0
DA:271,0
DA:272,0
DA:273,0
DA:274,0
DA:279,0
DA:281,0
DA:284,0
DA:286,0
DA:292,0
DA:294,0
DA:295,0
DA:296,0
DA:298,0
DA:299,0
DA:305,0
DA:306,0
DA:311,0
DA:313,0
DA:316,0
DA:318,0
DA:324,0
DA:326,0
DA:327,0
DA:328,0
DA:330,0
DA:331,0
DA:332,0
DA:333,0
DA:338,0
DA:340,0
DA:343,0
DA:345,0
DA:351,0
DA:355,0
DA:356,0
DA:357,0
DA:358,0
DA:359,0
DA:360,0
DA:361,0
DA:362,0
DA:363,0
DA:368,0
DA:370,0
DA:373,0
DA:375,0
DA:381,0
DA:383,0
DA:384,0
DA:385,0
DA:387,0
DA:388,0
DA:389,0
DA:390,0
DA:395,0
DA:397,0
DA:400,0
DA:402,0
DA:408,0
DA:410,0
DA:411,0
DA:412,0
DA:414,0
DA:415,0
DA:416,0
DA:417,0
DA:422,0
DA:424,0
DA:427,0
DA:429,0
DA:435,0
DA:439,0
DA:440,0
DA:441,0
DA:442,0
DA:443,0
DA:444,0
DA:445,0
DA:446,0
DA:447,0
DA:452,0
DA:454,0
DA:457,0
DA:459,0
DA:465,0
DA:469,0
DA:470,0
DA:471,0
DA:472,0
DA:473,0
DA:474,0
DA:475,0
DA:476,0
DA:477,0
DA:482,0
DA:484,0
DA:487,0
DA:489,0
DA:495,0
DA:497,0
DA:498,0
DA:499,0
DA:500,0
DA:501,0
DA:502,0
DA:504,0
DA:505,0
DA:506,0
DA:510,0
DA:511,0
DA:517,0
DA:518,0
DA:523,0
DA:525,0
DA:528,0
DA:530,0
DA:536,0
DA:538,0
DA:539,0
DA:540,0
DA:542,0
DA:543,0
DA:544,0
DA:545,0
DA:550,0
DA:552,0
DA:555,0
DA:557,0
DA:563,0
DA:564,0
DA:565,0
DA:566,0
DA:567,0
DA:568,0
DA:570,0
DA:576,0
DA:577,0
DA:581,0
DA:583,0
DA:584,0
DA:587,0
LF:264
LH:0
end_of_record
SF:lib\features\auth\login_screen\data\datasources\remote\login_remote_ds_impl.dart
DA:10,1
DA:12,1
DA:14,3
LF:3
LH:3
end_of_record
SF:lib\features\auth\login_screen\data\models\login_response_model.dart
DA:13,3
DA:15,0
DA:16,0
DA:19,0
DA:20,0
DA:23,2
DA:24,6
LF:7
LH:3
end_of_record
SF:lib\features\auth\login_screen\data\models\login_response_model.g.dart
DA:9,0
DA:10,0
DA:11,0
DA:12,0
DA:15,0
DA:16,0
LF:6
LH:0
end_of_record
SF:lib\features\auth\apply\data\model\responce\apply_responce_dto.dart
DA:11,1
DA:17,0
DA:18,0
DA:20,0
LF:4
LH:1
end_of_record
SF:lib\features\auth\apply\data\model\responce\apply_responce_dto.g.dart
DA:9,0
DA:10,0
DA:11,0
DA:12,0
DA:13,0
DA:16,0
DA:17,0
DA:18,0
DA:19,0
DA:20,0
LF:10
LH:0
end_of_record
SF:lib\features\auth\apply\data\model\responce\vehicel_responce_dto.dart
DA:10,2
DA:12,0
DA:13,0
DA:15,0
LF:4
LH:1
end_of_record
SF:lib\features\auth\apply\data\model\responce\vehicel_responce_dto.g.dart
DA:9,0
DA:10,0
DA:11,0
DA:12,0
DA:13,0
DA:14,0
DA:17,0
DA:19,0
DA:20,0
DA:21,0
LF:10
LH:0
end_of_record
SF:lib\features\auth\change_password\data\model\request\change_password_request_dto.dart
DA:10,3
DA:12,0
DA:13,0
DA:15,0
LF:4
LH:1
end_of_record
SF:lib\features\auth\change_password\data\model\request\change_password_request_dto.g.dart
DA:9,0
DA:11,0
DA:12,0
DA:13,0
DA:16,0
DA:18,0
DA:19,0
DA:20,0
LF:8
LH:0
end_of_record
SF:lib\features\auth\change_password\data\model\response\change_password_response_dto.dart
DA:9,2
DA:11,0
DA:12,0
DA:14,0
LF:4
LH:1
end_of_record
SF:lib\features\auth\change_password\data\model\response\change_password_response_dto.g.dart
DA:9,0
DA:11,0
DA:12,0
DA:13,0
DA:16,0
DA:18,0
LF:6
LH:0
end_of_record
SF:lib\features\auth\forget_password\data\models\forget_password\forget_password_request.dart
DA:4,4
DA:6,0
LF:2
LH:1
end_of_record
SF:lib\features\auth\forget_password\data\models\forget_password\forget_password_respone.dart
DA:5,4
DA:7,0
DA:8,0
DA:9,0
DA:10,0
DA:14,0
LF:6
LH:1
end_of_record
SF:lib\features\auth\forget_password\data\models\reset_password\reset_password_body.dart
DA:5,3
DA:7,0
DA:8,0
DA:9,0
DA:10,0
DA:14,0
LF:6
LH:1
end_of_record
SF:lib\features\auth\forget_password\data\models\reset_password\reset_password_respone.dart
DA:5,3
DA:7,0
DA:8,0
DA:9,0
DA:10,0
DA:14,0
LF:6
LH:1
end_of_record
SF:lib\features\auth\forget_password\data\models\verify_code\verify_password_body.dart
DA:4,3
DA:6,0
DA:7,0
DA:10,0
LF:4
LH:1
end_of_record
SF:lib\features\auth\forget_password\data\models\verify_code\verify_password_respone.dart
DA:4,3
DA:6,0
DA:7,0
DA:10,0
LF:4
LH:1
end_of_record
SF:lib\features\edit_profile\data\models\request\edit_profile_request_model.dart
DA:18,5
DA:25,0
DA:26,0
DA:28,0
LF:4
LH:1
end_of_record
SF:lib\features\edit_profile\data\models\request\edit_profile_request_model.g.dart
DA:9,0
DA:11,0
DA:12,0
DA:13,0
DA:14,0
DA:15,0
DA:18,0
DA:20,0
DA:21,0
DA:22,0
DA:23,0
DA:24,0
LF:12
LH:0
end_of_record
SF:lib\features\edit_profile\data\models\request\edit_vehicle_request_model.dart
DA:16,5
DA:22,0
DA:23,0
DA:25,0
LF:4
LH:1
end_of_record
SF:lib\features\edit_profile\data\models\request\edit_vehicle_request_model.g.dart
DA:9,0
DA:11,0
DA:12,0
DA:13,0
DA:14,0
DA:17,0
DA:19,0
DA:20,0
DA:21,0
DA:22,0
LF:10
LH:0
end_of_record
SF:lib\features\edit_profile\data\models\response\edit_profile_response_dto.dart
DA:11,5
DA:13,0
DA:14,0
DA:16,0
LF:4
LH:1
end_of_record
SF:lib\features\edit_profile\data\models\response\edit_profile_response_dto.g.dart
DA:9,0
DA:11,0
DA:12,0
DA:13,0
DA:16,0
DA:18,0
LF:6
LH:0
end_of_record
SF:lib\features\edit_profile\data\models\response\get_logged_driver_response_dto.dart
DA:11,5
DA:13,0
DA:14,0
DA:16,0
LF:4
LH:1
end_of_record
SF:lib\features\edit_profile\data\models\response\get_logged_driver_response_dto.g.dart
DA:9,0
DA:11,0
DA:12,0
DA:13,0
DA:16,0
DA:18,0
LF:6
LH:0
end_of_record
SF:lib\features\edit_profile\data\models\response\upload_photo_response_dto.dart
DA:9,5
DA:11,0
DA:12,0
DA:14,0
LF:4
LH:1
end_of_record
SF:lib\features\edit_profile\data\models\response\upload_photo_response_dto.g.dart
DA:9,0
DA:11,0
DA:13,0
DA:15,0
LF:4
LH:0
end_of_record
SF:lib\features\edit_profile\data\models\response\vehicle_response_dto.dart
DA:10,5
DA:12,0
DA:13,0
DA:15,0
LF:4
LH:1
end_of_record
SF:lib\features\edit_profile\data\models\response\vehicle_response_dto.g.dart
DA:9,0
DA:10,0
DA:11,0
DA:12,0
DA:13,0
DA:14,0
DA:17,0
DA:18,0
DA:19,0
DA:20,0
LF:10
LH:0
end_of_record
SF:lib\features\main_layout\home_screen\data\models\get_pending_orders\get_pending_orders_dto.dart
DA:17,3
DA:18,0
DA:19,0
DA:22,0
DA:23,0
LF:5
LH:1
end_of_record
SF:lib\features\main_layout\home_screen\data\models\get_pending_orders\get_pending_orders_dto.g.dart
DA:9,0
DA:10,0
DA:11,0
DA:12,0
DA:14,0
DA:15,0
DA:16,0
DA:17,0
DA:20,0
DA:22,0
DA:23,0
DA:24,0
DA:25,0
LF:13
LH:0
end_of_record
SF:lib\features\main_layout\home_screen\data\models\logged_driver_data\logged_driver_data.dart
DA:13,2
DA:15,0
DA:16,0
DA:19,0
DA:20,0
LF:5
LH:1
end_of_record
SF:lib\features\main_layout\home_screen\data\models\logged_driver_data\logged_driver_data.g.dart
DA:9,0
DA:10,0
DA:11,0
DA:12,0
DA:14,0
DA:17,0
DA:18,0
LF:7
LH:0
end_of_record
SF:lib\features\main_profile\data\models\logout\logout_response_dto.dart
DA:13,3
DA:15,0
DA:16,0
DA:19,0
DA:20,0
DA:23,2
DA:24,6
LF:7
LH:3
end_of_record
SF:lib\features\main_profile\data\models\logout\logout_response_dto.g.dart
DA:9,0
DA:10,0
DA:11,0
DA:12,0
DA:15,0
DA:16,0
LF:6
LH:0
end_of_record
SF:lib\features\main_profile\data\models\response\profile_response_model.dart
DA:14,2
DA:16,0
DA:17,0
DA:20,0
DA:21,0
DA:24,1
DA:25,1
DA:26,1
DA:27,2
LF:9
LH:5
end_of_record
SF:lib\features\main_profile\data\models\response\profile_response_model.g.dart
DA:9,0
DA:11,0
DA:12,0
DA:13,0
DA:15,0
DA:18,0
DA:20,0
DA:21,0
DA:22,0
LF:9
LH:0
end_of_record
SF:lib\features\main_profile\data\models\vehicle_dto.dart
DA:21,5
DA:30,0
DA:31,0
DA:34,0
DA:35,0
DA:38,4
DA:39,4
DA:40,4
DA:41,4
DA:42,4
DA:43,4
DA:44,4
DA:45,4
LF:13
LH:9
end_of_record
SF:lib\features\main_profile\data\models\vehicle_dto.g.dart
DA:9,0
DA:10,0
DA:11,0
DA:12,0
DA:13,0
DA:14,0
DA:15,0
DA:18,0
DA:19,0
DA:20,0
DA:21,0
DA:22,0
DA:23,0
DA:24,0
DA:25,0
LF:15
LH:0
end_of_record
SF:lib\features\orders_page\data\models\response\get_all_orders_response.dart
DA:17,3
DA:19,0
DA:20,0
DA:23,0
DA:24,0
DA:27,2
DA:28,2
DA:29,2
DA:30,4
DA:31,2
LF:10
LH:6
end_of_record
SF:lib\features\orders_page\data\models\response\get_all_orders_response.g.dart
DA:9,0
DA:11,0
DA:12,0
DA:13,0
DA:15,0
DA:16,0
DA:17,0
DA:18,0
DA:21,0
DA:23,0
DA:24,0
DA:25,0
DA:26,0
LF:13
LH:0
end_of_record
SF:lib\core\errors\api_results.dart
DA:11,34
DA:17,27
DA:20,11
DA:22,22
DA:24,0
DA:28,11
DA:29,10
DA:30,10
DA:31,5
DA:32,5
DA:35,30
LF:11
LH:10
end_of_record
SF:lib\core\errors\failures.dart
DA:7,32
DA:11,5
DA:13,5
DA:14,5
DA:15,5
DA:16,1
DA:19,5
DA:20,0
DA:21,5
DA:22,0
DA:23,5
DA:24,0
DA:28,5
DA:29,0
DA:33,5
DA:34,0
DA:38,5
DA:39,5
DA:42,0
DA:43,0
DA:47,0
DA:49,0
DA:52,0
DA:53,0
DA:54,0
DA:55,0
DA:56,0
DA:57,0
DA:58,0
DA:63,0
DA:64,0
DA:65,0
DA:70,0
DA:73,0
DA:74,0
DA:75,0
DA:77,0
DA:79,0
DA:80,0
DA:82,0
DA:84,0
DA:85,0
DA:87,0
DA:89,0
DA:90,0
DA:92,0
DA:94,0
DA:95,0
DA:97,0
DA:100,0
DA:101,0
DA:102,0
LF:52
LH:13
end_of_record
SF:lib\core\services\token_service.dart
DA:11,0
DA:17,0
DA:18,0
DA:20,0
DA:21,0
DA:22,0
DA:25,0
DA:26,0
DA:27,0
DA:30,0
DA:31,0
DA:32,0
LF:12
LH:0
end_of_record
SF:lib\features\auth\login_screen\domain\entities\login_response_entity.dart
DA:5,4
LF:1
LH:1
end_of_record
SF:lib\features\auth\login_screen\data\repositories_impl\login_repo_impl.dart
DA:13,1
DA:18,1
DA:23,2
DA:24,2
DA:28,3
DA:29,1
LF:6
LH:6
end_of_record
SF:lib\features\auth\apply\data\model\responce\driver_model_dto.dart
DA:28,2
DA:46,0
DA:47,0
DA:49,0
DA:51,1
DA:52,1
DA:53,1
DA:54,1
DA:55,1
DA:56,1
DA:57,1
DA:58,1
DA:59,1
DA:60,1
DA:61,1
DA:62,1
DA:63,1
DA:64,1
DA:65,1
LF:19
LH:16
end_of_record
SF:lib\features\auth\apply\data\model\responce\driver_model_dto.g.dart
DA:9,0
DA:10,0
DA:11,0
DA:12,0
DA:13,0
DA:14,0
DA:15,0
DA:16,0
DA:17,0
DA:18,0
DA:19,0
DA:20,0
DA:21,0
DA:22,0
DA:23,0
DA:24,0
DA:25,0
DA:28,0
DA:29,0
DA:30,0
DA:31,0
DA:32,0
DA:33,0
DA:34,0
DA:35,0
DA:36,0
DA:37,0
DA:38,0
DA:39,0
DA:40,0
DA:41,0
DA:42,0
DA:43,0
DA:44,0
LF:34
LH:0
end_of_record
SF:lib\features\auth\apply\domain\entites\driver_entity.dart
DA:16,2
LF:1
LH:1
end_of_record
SF:lib\features\auth\apply\data\model\responce\vehicel_model_dto.dart
DA:16,2
DA:25,0
DA:26,0
DA:28,0
DA:30,2
DA:31,8
LF:6
LH:3
end_of_record
SF:lib\features\auth\apply\data\model\responce\vehicel_model_dto.g.dart
DA:9,0
DA:10,0
DA:11,0
DA:12,0
DA:13,0
DA:14,0
DA:15,0
DA:16,0
DA:19,0
DA:20,0
DA:21,0
DA:22,0
DA:23,0
DA:24,0
DA:25,0
DA:26,0
LF:16
LH:0
end_of_record
SF:lib\features\auth\apply\domain\entites\vehicel_entity.dart
DA:6,3
LF:1
LH:1
end_of_record
SF:lib\features\edit_profile\data\models\driver_dto.dart
DA:27,5
DA:48,0
DA:49,0
DA:51,0
LF:4
LH:1
end_of_record
SF:lib\features\edit_profile\data\models\driver_dto.g.dart
DA:9,0
DA:10,0
DA:11,0
DA:12,0
DA:13,0
DA:14,0
DA:15,0
DA:16,0
DA:17,0
DA:18,0
DA:19,0
DA:20,0
DA:21,0
DA:22,0
DA:23,0
DA:24,0
DA:25,0
DA:28,0
DA:29,0
DA:30,0
DA:31,0
DA:32,0
DA:33,0
DA:34,0
DA:35,0
DA:36,0
DA:37,0
DA:38,0
DA:39,0
DA:40,0
DA:41,0
DA:42,0
DA:43,0
DA:44,0
LF:34
LH:0
end_of_record
SF:lib\features\edit_profile\data\models\vehicle_dto.dart
DA:16,4
DA:25,0
DA:26,0
DA:28,0
DA:30,0
DA:31,0
LF:6
LH:1
end_of_record
SF:lib\features\edit_profile\data\models\vehicle_dto.g.dart
DA:9,0
DA:10,0
DA:11,0
DA:12,0
DA:13,0
DA:14,0
DA:15,0
DA:18,0
DA:19,0
DA:20,0
DA:21,0
DA:22,0
DA:23,0
DA:24,0
DA:25,0
LF:15
LH:0
end_of_record
SF:lib\features\edit_profile\domain\entities\response\vehicle_entity.dart
DA:6,4
LF:1
LH:1
end_of_record
SF:lib\features\main_layout\home_screen\data\models\get_pending_orders\meta_data_dto.dart
DA:16,1
DA:18,0
DA:19,0
DA:22,0
DA:23,0
LF:5
LH:1
end_of_record
SF:lib\features\main_layout\home_screen\data\models\get_pending_orders\meta_data_dto.g.dart
DA:9,0
DA:10,0
DA:11,0
DA:12,0
DA:13,0
DA:16,0
DA:17,0
DA:18,0
DA:19,0
DA:20,0
DA:21,0
LF:11
LH:0
end_of_record
SF:lib\features\main_layout\home_screen\data\models\get_pending_orders\orders_dto.dart
DA:38,5
DA:54,1
DA:55,1
DA:58,1
DA:59,1
LF:5
LH:5
end_of_record
SF:lib\features\main_layout\home_screen\data\models\get_pending_orders\orders_dto.g.dart
DA:9,2
DA:10,1
DA:11,1
DA:13,0
DA:14,1
DA:15,0
DA:16,0
DA:17,1
DA:18,1
DA:19,1
DA:20,1
DA:21,1
DA:22,1
DA:23,1
DA:24,1
DA:25,1
DA:26,1
DA:28,0
DA:31,2
DA:32,1
DA:33,1
DA:34,1
DA:35,1
DA:36,1
DA:37,1
DA:38,1
DA:39,1
DA:40,1
DA:41,1
DA:42,1
DA:43,1
DA:44,1
LF:32
LH:28
end_of_record
SF:lib\features\main_layout\home_screen\data\models\get_pending_orders\order_items_dto.dart
DA:17,2
DA:19,0
DA:20,0
DA:23,0
DA:24,0
LF:5
LH:1
end_of_record
SF:lib\features\main_layout\home_screen\data\models\get_pending_orders\order_items_dto.g.dart
DA:9,0
DA:10,0
DA:11,0
DA:13,0
DA:14,0
DA:15,0
DA:16,0
DA:19,0
DA:20,0
DA:21,0
DA:22,0
DA:23,0
DA:24,0
LF:13
LH:0
end_of_record
SF:lib\features\main_layout\home_screen\data\models\get_pending_orders\product_dto.dart
DA:40,2
DA:59,0
DA:60,0
DA:63,0
DA:64,0
LF:5
LH:1
end_of_record
SF:lib\features\main_layout\home_screen\data\models\get_pending_orders\product_dto.g.dart
DA:9,0
DA:10,0
DA:11,0
DA:12,0
DA:13,0
DA:14,0
DA:15,0
DA:16,0
DA:17,0
DA:18,0
DA:19,0
DA:20,0
DA:21,0
DA:22,0
DA:23,0
DA:24,0
DA:25,0
DA:28,0
DA:29,0
DA:30,0
DA:31,0
DA:32,0
DA:33,0
DA:34,0
DA:35,0
DA:36,0
DA:37,0
DA:38,0
DA:39,0
DA:40,0
DA:41,0
DA:42,0
DA:43,0
DA:44,0
DA:45,0
LF:35
LH:0
end_of_record
SF:lib\features\main_layout\home_screen\data\models\get_pending_orders\store_dto.dart
DA:18,2
DA:26,0
DA:27,0
DA:30,0
DA:31,0
LF:5
LH:1
end_of_record
SF:lib\features\main_layout\home_screen\data\models\get_pending_orders\store_dto.g.dart
DA:9,0
DA:10,0
DA:11,0
DA:12,0
DA:13,0
DA:14,0
DA:17,0
DA:18,0
DA:19,0
DA:20,0
DA:21,0
DA:22,0
LF:12
LH:0
end_of_record
SF:lib\features\main_layout\home_screen\data\models\get_pending_orders\user_dto.dart
DA:22,2
DA:32,0
DA:33,0
DA:36,0
DA:37,0
LF:5
LH:1
end_of_record
SF:lib\features\main_layout\home_screen\data\models\get_pending_orders\user_dto.g.dart
DA:9,0
DA:10,0
DA:11,0
DA:12,0
DA:13,0
DA:14,0
DA:15,0
DA:16,0
DA:19,0
DA:20,0
DA:21,0
DA:22,0
DA:23,0
DA:24,0
DA:25,0
DA:26,0
LF:16
LH:0
end_of_record
SF:lib\features\main_layout\home_screen\data\models\logged_driver_data\driver_data_dto.dart
DA:40,5
DA:59,0
DA:60,0
DA:63,1
DA:64,1
LF:5
LH:3
end_of_record
SF:lib\features\main_layout\home_screen\data\models\logged_driver_data\driver_data_dto.g.dart
DA:9,0
DA:10,0
DA:11,0
DA:12,0
DA:13,0
DA:14,0
DA:15,0
DA:16,0
DA:17,0
DA:18,0
DA:19,0
DA:20,0
DA:21,0
DA:22,0
DA:23,0
DA:24,0
DA:25,0
DA:26,0
DA:29,1
DA:30,1
DA:31,1
DA:32,1
DA:33,1
DA:34,1
DA:35,1
DA:36,1
DA:37,1
DA:38,1
DA:39,1
DA:40,1
DA:41,1
DA:42,1
DA:43,1
DA:44,1
DA:45,1
DA:46,1
LF:36
LH:18
end_of_record
SF:lib\features\main_profile\data\models\driver_dto.dart
DA:39,3
DA:57,0
DA:58,0
DA:61,0
DA:62,0
DA:65,2
DA:66,2
DA:67,2
DA:68,2
DA:69,2
DA:70,2
DA:71,2
DA:72,2
DA:73,2
DA:74,2
DA:75,2
DA:76,2
DA:77,2
DA:78,2
DA:79,2
DA:80,2
DA:81,2
LF:22
LH:18
end_of_record
SF:lib\features\main_profile\data\models\driver_dto.g.dart
DA:9,0
DA:10,0
DA:11,0
DA:12,0
DA:13,0
DA:14,0
DA:15,0
DA:16,0
DA:17,0
DA:18,0
DA:19,0
DA:20,0
DA:21,0
DA:22,0
DA:23,0
DA:24,0
DA:27,0
DA:28,0
DA:29,0
DA:30,0
DA:31,0
DA:32,0
DA:33,0
DA:34,0
DA:35,0
DA:36,0
DA:37,0
DA:38,0
DA:39,0
DA:40,0
DA:41,0
DA:42,0
LF:32
LH:0
end_of_record
SF:lib\features\main_profile\domain\entities\driver_dto_entity.dart
DA:18,4
LF:1
LH:1
end_of_record
SF:lib\features\main_profile\domain\entities\logout_response_entity.dart
DA:2,4
LF:1
LH:1
end_of_record
SF:lib\features\main_profile\domain\entities\profile_response_entity.dart
DA:8,1
LF:1
LH:1
end_of_record
SF:lib\features\main_profile\domain\entities\vehicle_dto_entity.dart
DA:9,6
LF:1
LH:1
end_of_record
SF:lib\features\orders_page\data\models\metadata_dto.dart
DA:17,4
DA:19,0
DA:20,0
DA:23,0
DA:24,0
DA:27,3
DA:28,3
DA:29,3
DA:30,3
DA:31,3
DA:32,3
LF:11
LH:7
end_of_record
SF:lib\features\orders_page\data\models\metadata_dto.g.dart
DA:9,0
DA:10,0
DA:11,0
DA:12,0
DA:13,0
DA:16,0
DA:17,0
DA:18,0
DA:19,0
DA:20,0
DA:21,0
LF:11
LH:0
end_of_record
SF:lib\features\orders_page\domain\entities\metadata_dto_entity.dart
DA:7,5
LF:1
LH:1
end_of_record
SF:lib\features\orders_page\data\models\order_dto.dart
DA:36,1
DA:51,0
DA:52,0
DA:55,0
DA:56,0
DA:59,1
DA:60,1
DA:61,1
DA:62,1
DA:63,1
DA:64,1
DA:65,1
DA:66,1
DA:67,1
DA:68,1
DA:69,1
DA:70,1
DA:71,1
DA:72,1
LF:19
LH:15
end_of_record
SF:lib\features\orders_page\data\models\order_dto.g.dart
DA:9,0
DA:10,0
DA:11,0
DA:13,0
DA:14,0
DA:15,0
DA:16,0
DA:17,0
DA:18,0
DA:19,0
DA:20,0
DA:21,0
DA:22,0
DA:23,0
DA:24,0
DA:25,0
DA:28,0
DA:29,0
DA:30,0
DA:31,0
DA:32,0
DA:33,0
DA:34,0
DA:35,0
DA:36,0
DA:37,0
DA:38,0
DA:39,0
DA:40,0
LF:29
LH:0
end_of_record
SF:lib\features\orders_page\data\models\user_dto.dart
DA:25,1
DA:36,0
DA:37,0
DA:40,0
DA:41,0
DA:44,1
DA:45,1
DA:46,1
DA:47,1
DA:48,1
DA:49,1
DA:50,1
DA:51,1
DA:52,1
DA:53,1
LF:15
LH:11
end_of_record
SF:lib\features\orders_page\data\models\user_dto.g.dart
DA:9,0
DA:10,0
DA:11,0
DA:12,0
DA:13,0
DA:14,0
DA:15,0
DA:16,0
DA:17,0
DA:20,0
DA:21,0
DA:22,0
DA:23,0
DA:24,0
DA:25,0
DA:26,0
DA:27,0
DA:28,0
LF:18
LH:0
end_of_record
SF:lib\features\orders_page\domain\entities\order_dto_entity.dart
DA:19,2
LF:1
LH:1
end_of_record
SF:lib\features\orders_page\data\models\order_items_dto.dart
DA:18,1
DA:20,0
DA:21,0
DA:24,0
DA:25,0
DA:28,1
DA:29,1
DA:30,1
DA:31,1
DA:32,1
DA:33,1
LF:11
LH:7
end_of_record
SF:lib\features\orders_page\data\models\order_items_dto.g.dart
DA:9,0
DA:10,0
DA:11,0
DA:13,0
DA:14,0
DA:15,0
DA:16,0
DA:19,0
DA:20,0
DA:21,0
DA:22,0
DA:23,0
DA:24,0
LF:13
LH:0
end_of_record
SF:lib\features\orders_page\data\models\product_dto.dart
DA:13,1
DA:15,0
DA:16,0
DA:19,0
DA:20,0
DA:23,1
DA:24,3
LF:7
LH:3
end_of_record
SF:lib\features\orders_page\data\models\product_dto.g.dart
DA:9,0
DA:10,0
DA:11,0
DA:14,0
DA:15,0
LF:5
LH:0
end_of_record
SF:lib\features\orders_page\domain\entities\order_items_dto_entity.dart
DA:9,1
LF:1
LH:1
end_of_record
SF:lib\features\orders_page\data\models\orders_dto.dart
DA:26,1
DA:36,0
DA:37,0
DA:40,0
DA:41,0
DA:44,1
DA:45,1
DA:46,1
DA:47,1
DA:48,1
DA:49,1
DA:50,1
DA:51,1
DA:52,1
LF:14
LH:10
end_of_record
SF:lib\features\orders_page\data\models\orders_dto.g.dart
DA:9,0
DA:10,0
DA:11,0
DA:12,0
DA:14,0
DA:15,0
DA:16,0
DA:17,0
DA:18,0
DA:20,0
DA:23,0
DA:24,0
DA:25,0
DA:26,0
DA:27,0
DA:28,0
DA:29,0
DA:30,0
LF:18
LH:0
end_of_record
SF:lib\features\orders_page\data\models\store_dto.dart
DA:19,1
DA:27,0
DA:28,0
DA:31,0
DA:32,0
DA:35,1
DA:36,1
DA:37,1
DA:38,1
DA:39,1
DA:40,1
DA:41,1
LF:12
LH:8
end_of_record
SF:lib\features\orders_page\data\models\store_dto.g.dart
DA:9,0
DA:10,0
DA:11,0
DA:12,0
DA:13,0
DA:14,0
DA:17,0
DA:18,0
DA:19,0
DA:20,0
DA:21,0
DA:22,0
LF:12
LH:0
end_of_record
SF:lib\features\orders_page\domain\entities\orders_dto_entity.dart
DA:14,2
LF:1
LH:1
end_of_record
SF:lib\features\orders_page\domain\entities\product_dto_entity.dart
DA:5,1
LF:1
LH:1
end_of_record
SF:lib\features\orders_page\domain\entities\get_all_orders_entity.dart
DA:9,5
LF:1
LH:1
end_of_record
SF:lib\features\orders_page\domain\entities\store_dto_entity.dart
DA:8,1
LF:1
LH:1
end_of_record
SF:lib\features\orders_page\domain\entities\user_dto_entity.dart
DA:11,1
LF:1
LH:1
end_of_record
SF:lib\features\auth\login_screen\domain\usecases\login_usecase.dart
DA:10,1
DA:12,1
DA:16,2
LF:3
LH:3
end_of_record
SF:lib\core\di\di.dart
DA:6,30
DA:8,0
DA:13,0
LF:3
LH:1
end_of_record
SF:lib\core\helpers\shared_pref.dart
DA:8,1
DA:10,1
DA:11,1
DA:12,2
DA:13,1
DA:14,2
DA:15,1
DA:16,2
DA:18,2
DA:22,1
DA:23,2
DA:26,1
DA:27,2
LF:13
LH:13
end_of_record
SF:lib\features\auth\login_screen\presentation\manager\login_view_model.dart
DA:18,3
DA:20,1
DA:22,1
DA:23,3
DA:25,1
DA:26,2
DA:28,1
DA:29,2
DA:30,1
DA:31,2
DA:35,1
DA:36,3
DA:37,2
DA:39,1
DA:40,3
DA:42,1
DA:43,1
DA:44,2
DA:47,2
DA:53,1
DA:54,2
DA:55,2
DA:59,3
DA:62,1
DA:63,1
DA:64,2
DA:67,4
DA:72,1
DA:73,1
DA:74,2
DA:77,4
LF:31
LH:31
end_of_record
SF:lib\features\auth\login_screen\presentation\manager\login_event.dart
DA:7,1
DA:13,1
DA:19,2
DA:25,2
LF:4
LH:4
end_of_record
SF:lib\features\auth\apply\data\data_source\gemeni_api_service.dart
DA:9,0
DA:10,0
DA:11,0
DA:12,0
DA:15,0
DA:19,0
DA:20,0
DA:22,0
DA:23,0
DA:24,0
DA:25,0
DA:26,0
DA:27,0
DA:28,0
DA:35,0
DA:37,0
DA:40,0
LF:17
LH:0
end_of_record
SF:lib\features\auth\apply\data\data_source\remot_data_source\apply_remot_ds_imp.dart
DA:16,1
DA:17,1
DA:19,2
DA:20,1
DA:21,2
DA:22,2
DA:24,2
DA:27,1
DA:29,2
DA:32,1
DA:34,2
DA:40,1
DA:42,2
LF:13
LH:13
end_of_record
SF:lib\features\auth\apply\data\repo\apply_repo_imp.dart
DA:17,1
DA:19,0
DA:24,0
DA:25,0
DA:27,0
DA:28,0
DA:29,0
DA:31,0
DA:35,0
DA:36,0
DA:37,0
DA:39,0
DA:43,0
DA:44,0
DA:47,0
DA:48,0
DA:49,0
DA:53,0
DA:55,0
DA:56,0
DA:59,0
DA:60,0
DA:61,0
DA:65,0
DA:68,0
DA:72,0
DA:73,0
DA:74,0
DA:77,0
DA:78,0
DA:81,0
DA:82,0
DA:83,0
DA:85,0
DA:89,1
DA:91,2
DA:92,2
DA:93,5
LF:38
LH:5
end_of_record
SF:lib\features\auth\apply\domain\usecase\all_vehicles_use_case.dart
DA:9,0
DA:10,0
DA:11,0
LF:3
LH:0
end_of_record
SF:lib\features\auth\apply\domain\usecase\apply_use_case.dart
DA:10,0
DA:11,0
DA:12,0
LF:3
LH:0
end_of_record
SF:lib\features\auth\apply\presentation\view_model\apply_view_model.dart
DA:25,1
DA:26,2
DA:27,1
DA:29,2
DA:30,2
DA:31,2
DA:32,2
DA:33,2
DA:34,2
DA:35,2
DA:36,2
DA:38,1
DA:41,1
DA:43,1
DA:44,2
DA:45,1
DA:46,1
DA:50,1
DA:51,3
DA:52,2
DA:54,1
DA:55,4
DA:56,1
DA:57,1
DA:58,2
DA:60,2
DA:66,1
DA:67,2
DA:69,1
DA:70,4
DA:71,1
DA:72,5
LF:32
LH:32
end_of_record
SF:lib\features\auth\change_password\data\change_password_repo_imp.dart
DA:12,1
DA:13,1
DA:17,1
DA:18,3
DA:19,1
LF:5
LH:5
end_of_record
SF:lib\features\auth\change_password\data\data_source\change_password_ds_imp.dart
DA:10,1
DA:11,1
DA:15,2
LF:3
LH:3
end_of_record
SF:lib\features\auth\change_password\domain\use case\change_password_use_case.dart
DA:9,1
DA:11,1
DA:14,2
LF:3
LH:3
end_of_record
SF:lib\features\auth\change_password\view\view_model\change_password_cubit.dart
DA:13,1
DA:14,2
DA:19,1
DA:21,2
DA:22,2
DA:23,2
DA:24,1
DA:27,1
DA:30,2
DA:35,1
DA:38,3
DA:39,2
DA:41,1
DA:42,3
DA:43,0
DA:44,0
DA:45,0
DA:48,0
LF:18
LH:14
end_of_record
SF:lib\features\auth\forget_password\data\repo\forget_password_repo_impl.dart
DA:20,1
DA:24,1
DA:28,2
DA:30,1
DA:31,1
DA:35,2
DA:36,1
DA:37,1
DA:38,0
DA:39,0
DA:40,0
DA:45,0
DA:46,0
DA:49,3
DA:53,1
DA:57,2
DA:59,0
DA:60,0
DA:64,2
DA:65,1
DA:66,1
DA:67,0
DA:68,0
DA:69,0
DA:74,0
DA:75,0
DA:78,3
DA:82,1
DA:86,2
DA:88,0
DA:89,0
DA:93,2
DA:94,1
DA:95,1
DA:96,0
DA:97,0
DA:98,0
DA:103,0
DA:104,0
DA:107,3
LF:40
LH:21
end_of_record
SF:lib\features\auth\forget_password\data\sources\forget_password_remote_ds_impl.dart
DA:15,1
DA:17,1
DA:21,2
DA:24,1
DA:26,2
DA:29,1
DA:31,2
LF:7
LH:7
end_of_record
SF:lib\features\auth\forget_password\domain\usecases\forget_password_usecase.dart
DA:10,1
DA:12,1
DA:15,2
LF:3
LH:3
end_of_record
SF:lib\features\auth\forget_password\domain\usecases\reset_password_usecase.dart
DA:10,0
DA:11,0
DA:12,0
LF:3
LH:0
end_of_record
SF:lib\features\auth\forget_password\domain\usecases\verify_code_usecase.dart
DA:10,0
DA:11,0
DA:14,0
LF:3
LH:0
end_of_record
SF:lib\features\auth\forget_password\presentation\view_model\cubit\forget_password_cubit.dart
DA:20,1
DA:24,1
DA:26,0
DA:28,0
DA:29,0
DA:31,0
DA:32,0
DA:34,0
DA:35,0
DA:40,1
DA:41,1
DA:42,2
DA:56,2
DA:57,1
DA:60,1
DA:61,1
DA:62,2
DA:78,1
DA:79,1
DA:80,2
DA:87,1
DA:89,2
DA:98,1
DA:99,1
DA:100,2
DA:113,2
DA:114,1
DA:117,1
DA:118,1
DA:119,2
DA:129,1
DA:130,1
DA:131,2
DA:138,1
DA:139,2
DA:149,1
DA:150,1
DA:151,2
DA:164,2
DA:165,3
DA:168,1
DA:169,1
DA:170,2
DA:180,1
DA:181,1
DA:182,2
DA:188,1
DA:191,2
LF:48
LH:41
end_of_record
SF:lib\features\auth\forget_password\presentation\view_model\cubit\forget_password_state.dart
DA:12,2
DA:21,1
DA:29,1
DA:30,1
DA:31,1
DA:32,1
DA:33,1
DA:34,1
DA:35,1
DA:39,1
DA:40,1
DA:41,1
DA:42,1
DA:43,1
DA:44,1
DA:45,1
DA:46,1
DA:55,1
DA:61,0
DA:66,0
DA:68,0
DA:69,0
DA:71,0
DA:75,1
DA:76,1
DA:77,1
DA:78,1
DA:79,1
DA:88,2
DA:94,0
DA:99,0
DA:100,0
DA:101,0
DA:102,0
DA:106,1
DA:107,4
LF:36
LH:26
end_of_record
SF:lib\features\edit_profile\data\data_sources\edit_profile_remote_data_source_impl.dart
DA:15,1
DA:18,1
DA:22,2
DA:25,1
DA:27,2
DA:30,1
DA:32,2
DA:35,1
DA:37,2
DA:40,1
DA:44,2
LF:11
LH:11
end_of_record
SF:lib\features\edit_profile\data\repositories\edit_profile_repo_impl.dart
DA:20,2
DA:24,2
DA:28,4
DA:29,4
DA:30,2
DA:32,2
DA:36,2
DA:38,4
DA:39,4
DA:40,2
DA:44,2
DA:48,4
DA:49,4
DA:52,2
DA:56,2
DA:58,4
DA:59,4
DA:60,2
DA:64,2
DA:68,4
DA:69,4
DA:70,2
DA:72,2
LF:23
LH:23
end_of_record
SF:lib\features\edit_profile\domain\use_cases\edit_profile_use_case.dart
DA:10,1
DA:12,1
DA:15,2
LF:3
LH:3
end_of_record
SF:lib\features\edit_profile\domain\use_cases\get_logged_driver_use_case.dart
DA:10,1
DA:12,1
DA:13,2
LF:3
LH:3
end_of_record
SF:lib\features\edit_profile\domain\use_cases\get_vehicles_use_case.dart
DA:9,1
DA:10,1
DA:11,2
LF:3
LH:3
end_of_record
SF:lib\features\edit_profile\domain\use_cases\update_vehicles_use_case.dart
DA:10,0
DA:12,0
DA:15,0
LF:3
LH:0
end_of_record
SF:lib\features\edit_profile\domain\use_cases\upload_photo_use_case.dart
DA:10,1
DA:13,1
DA:14,2
LF:3
LH:3
end_of_record
SF:lib\features\edit_profile\presentation\manger\profile_manger\edit_profile_view_model.dart
DA:39,1
DA:43,1
DA:45,1
DA:47,1
DA:48,1
DA:49,1
DA:50,1
DA:51,1
DA:52,0
DA:53,1
DA:54,2
DA:56,0
DA:57,0
DA:58,0
DA:59,0
DA:63,1
DA:64,3
DA:65,2
DA:67,1
DA:68,1
DA:69,1
DA:70,1
DA:71,2
DA:79,1
DA:80,4
DA:85,1
DA:86,4
DA:87,4
DA:88,4
DA:89,4
DA:90,3
DA:93,1
DA:94,1
DA:96,3
DA:99,1
DA:102,1
DA:104,0
DA:108,1
DA:109,1
DA:111,3
DA:113,1
DA:114,1
DA:115,2
DA:117,1
DA:123,0
DA:128,1
DA:129,1
DA:130,3
DA:131,3
DA:132,3
DA:133,3
DA:136,2
DA:139,1
DA:140,1
DA:141,2
DA:145,1
DA:150,1
DA:151,1
DA:152,2
DA:154,1
DA:158,1
DA:163,1
DA:164,1
DA:165,3
DA:168,1
DA:169,3
DA:172,0
DA:173,0
DA:176,0
DA:177,0
DA:178,0
DA:179,0
DA:180,0
DA:181,0
LF:74
LH:59
end_of_record
SF:lib\features\edit_profile\presentation\manger\vehicle_manger\vehicle_view_model.dart
DA:14,3
DA:16,1
DA:18,1
DA:19,1
DA:24,1
DA:25,2
DA:27,1
DA:28,5
DA:29,1
DA:30,5
LF:10
LH:10
end_of_record
SF:lib\features\main_layout\home_screen\data\data_sources\firebase\home_tab_firebase_ds_impl.dart
DA:10,1
DA:12,1
DA:14,2
DA:16,2
DA:17,1
LF:5
LH:5
end_of_record
SF:lib\features\main_layout\home_screen\data\data_sources\remote\home_tab_remote_ds_impl.dart
DA:10,1
DA:12,1
DA:14,2
DA:16,1
DA:18,2
LF:5
LH:5
end_of_record
SF:lib\features\main_layout\home_screen\data\repositories\home_tab_repo_impl.dart
DA:17,1
DA:19,1
DA:21,2
DA:22,2
DA:23,1
DA:27,0
DA:29,0
DA:30,0
DA:31,0
DA:35,1
DA:37,2
DA:38,2
DA:39,2
LF:13
LH:9
end_of_record
SF:lib\features\main_layout\home_screen\domain\use_cases\get_all_pending_orders_use_case.dart
DA:10,1
DA:12,1
DA:13,2
LF:3
LH:3
end_of_record
SF:lib\features\main_layout\home_screen\domain\use_cases\get_logged_driver_data_use_case.dart
DA:9,1
DA:11,3
LF:2
LH:2
end_of_record
SF:lib\features\main_layout\home_screen\domain\use_cases\save_order_use_case.dart
DA:10,0
DA:12,0
DA:13,0
LF:3
LH:0
end_of_record
SF:lib\features\main_layout\home_screen\presentation\manager\home_tab_view_model.dart
DA:20,1
DA:24,1
DA:32,1
DA:34,1
DA:35,1
DA:36,2
DA:37,1
DA:38,1
DA:39,0
DA:40,1
DA:41,1
DA:45,1
DA:46,3
DA:47,2
DA:49,1
DA:50,4
DA:51,1
DA:52,3
DA:56,0
DA:57,0
DA:58,0
DA:59,0
DA:62,0
DA:63,0
DA:65,0
DA:67,0
DA:68,0
DA:69,0
DA:70,0
DA:72,0
DA:78,1
DA:79,1
DA:80,2
DA:82,1
DA:87,2
DA:89,1
DA:90,1
DA:91,4
DA:93,1
DA:94,1
DA:95,2
DA:97,2
DA:103,1
DA:104,3
DA:105,6
DA:106,3
LF:46
LH:33
end_of_record
SF:lib\features\main_profile\data\datasources\remote\profile_remote_ds_impl.dart
DA:12,1
DA:14,1
DA:16,2
DA:17,1
DA:20,1
DA:22,2
DA:26,1
DA:28,2
LF:8
LH:8
end_of_record
SF:lib\features\main_profile\data\repositories_impl\profile_repository_impl.dart
DA:13,1
DA:17,1
DA:19,2
DA:20,2
DA:21,1
DA:26,1
DA:28,2
DA:29,2
DA:30,1
DA:35,1
DA:37,2
DA:38,2
DA:39,1
LF:13
LH:13
end_of_record
SF:lib\features\main_profile\domain\usecases\logout_usecase.dart
DA:9,1
DA:11,3
LF:2
LH:2
end_of_record
SF:lib\features\main_profile\domain\usecases\profile_usecase.dart
DA:11,1
DA:13,1
DA:14,2
DA:18,1
DA:19,2
LF:5
LH:5
end_of_record
SF:lib\features\main_profile\presentation\manager\profile_view_model.dart
DA:17,1
DA:18,2
DA:20,1
DA:22,1
DA:23,1
DA:25,1
DA:26,1
DA:30,1
DA:31,3
DA:33,2
DA:36,1
DA:37,3
DA:39,1
DA:40,5
DA:44,1
DA:45,3
DA:46,2
DA:48,1
DA:49,1
DA:50,1
DA:51,2
DA:57,2
DA:58,1
DA:59,3
DA:62,2
DA:64,1
DA:65,1
DA:66,2
DA:69,1
DA:73,1
DA:74,3
DA:77,1
DA:78,5
LF:33
LH:33
end_of_record
SF:lib\features\order_details\data\repo\order_details_repo_impl.dart
DA:17,1
DA:18,1
DA:20,2
DA:22,1
DA:23,1
DA:28,2
DA:31,0
DA:32,0
DA:36,2
DA:37,1
DA:38,1
DA:39,1
DA:40,1
DA:44,0
DA:45,0
DA:50,1
DA:55,2
DA:57,1
DA:58,1
DA:75,1
DA:76,3
DA:80,1
DA:85,2
DA:87,1
DA:88,1
DA:104,1
DA:105,3
DA:109,1
DA:111,4
DA:112,1
LF:30
LH:26
end_of_record
SF:lib\features\order_details\data\sources\order_details_ds_impl.dart
DA:13,1
DA:14,1
DA:16,2
DA:20,1
DA:24,1
DA:25,2
DA:29,1
DA:34,3
DA:35,1
DA:39,1
DA:41,3
DA:46,1
DA:48,1
DA:49,1
DA:50,2
LF:15
LH:15
end_of_record
SF:lib\features\order_details\domin\usecase\get_order_details_usecase.dart
DA:9,1
DA:10,1
DA:11,2
LF:3
LH:3
end_of_record
SF:lib\features\order_details\domin\usecase\stream_in_order_state_usecase.dart
DA:8,1
DA:10,1
DA:11,2
LF:3
LH:3
end_of_record
SF:lib\features\order_details\domin\usecase\update_driver_location_usecase.dart
DA:8,1
DA:9,1
DA:10,2
LF:3
LH:3
end_of_record
SF:lib\features\order_details\domin\usecase\update_order_firebase_usecase.dart
DA:9,1
DA:10,1
DA:11,2
LF:3
LH:3
end_of_record
SF:lib\features\order_details\presentation\manger\cubit\order_details_cubit.dart
DA:29,1
DA:35,2
DA:37,1
DA:39,1
DA:40,2
DA:41,1
DA:42,3
DA:43,0
DA:44,0
DA:48,0
DA:49,0
DA:51,0
DA:52,0
DA:54,0
DA:55,0
DA:56,0
DA:57,0
DA:61,0
DA:62,0
DA:67,0
DA:68,0
DA:71,1
DA:72,1
DA:73,2
DA:75,2
DA:77,1
DA:78,3
DA:79,1
DA:80,2
DA:83,1
DA:84,3
DA:87,1
DA:88,0
DA:90,1
DA:91,0
DA:93,1
DA:94,1
DA:95,2
DA:98,2
DA:104,1
DA:108,3
DA:109,2
DA:111,1
DA:112,3
DA:113,0
DA:114,0
DA:115,0
DA:117,0
DA:123,0
DA:124,0
DA:125,0
DA:127,0
DA:128,0
DA:131,0
DA:132,0
DA:133,0
DA:136,0
DA:137,0
DA:140,0
DA:144,0
DA:146,0
DA:152,0
DA:153,0
DA:154,0
DA:155,0
DA:159,0
DA:165,0
DA:166,0
DA:167,0
DA:168,0
DA:169,0
DA:174,0
DA:175,0
DA:177,0
DA:180,0
DA:182,0
DA:183,0
DA:184,0
LF:78
LH:28
end_of_record
SF:lib\features\orders_page\data\datasources\remote\get_all_orders_remote_ds_impl.dart
DA:11,1
DA:13,1
DA:15,2
LF:3
LH:3
end_of_record
SF:lib\features\orders_page\data\repositories_impl\get_all_orders_repo_impl.dart
DA:11,1
DA:13,1
DA:15,2
DA:16,1
DA:17,1
DA:18,1
LF:6
LH:6
end_of_record
SF:lib\features\orders_page\domain\usecases\get_all_orders_usecase.dart
DA:10,1
DA:12,1
DA:13,1
DA:14,1
LF:4
LH:4
end_of_record
SF:lib\features\orders_page\presentation\manager\get_all_orders_view_model.dart
DA:14,1
DA:15,2
DA:17,1
DA:19,1
DA:20,1
DA:25,1
DA:26,3
DA:27,2
DA:29,1
DA:30,1
DA:31,2
DA:34,1
DA:38,1
DA:39,3
LF:14
LH:14
end_of_record
SF:lib\features\pick_up_location\data\repo\pick_up_location_repo_impl.dart
DA:10,1
DA:11,1
DA:13,4
LF:3
LH:3
end_of_record
SF:lib\features\pick_up_location\data\source\pick_up_location_ds_impl.dart
DA:14,0
DA:16,0
DA:18,0
DA:19,0
DA:20,0
DA:21,0
DA:22,0
DA:26,0
DA:28,0
DA:30,0
LF:10
LH:0
end_of_record
SF:lib\features\pick_up_location\domin\usecase\get_routes_usecase.dart
DA:10,1
DA:12,1
DA:13,2
LF:3
LH:3
end_of_record
SF:lib\features\pick_up_location\presentation\manager\cubit\pick_up_location_cubit.dart
DA:21,0
DA:22,0
DA:24,0
DA:26,0
DA:27,0
DA:30,0
DA:31,0
DA:34,0
DA:35,0
DA:40,0
DA:41,0
DA:42,0
DA:44,0
DA:46,0
DA:48,0
DA:49,0
DA:53,0
DA:58,0
DA:62,0
DA:69,0
DA:71,0
DA:72,0
DA:80,0
DA:82,0
DA:86,0
DA:90,0
DA:92,0
DA:98,0
DA:99,0
DA:100,0
DA:101,0
DA:107,0
DA:108,0
DA:115,0
DA:116,0
DA:117,0
DA:119,0
DA:122,0
DA:123,0
DA:129,0
DA:130,0
DA:131,0
DA:135,0
DA:142,0
DA:144,0
DA:145,0
DA:147,0
DA:152,0
DA:153,0
DA:158,0
DA:159,0
DA:161,0
DA:162,0
DA:163,0
DA:166,0
DA:169,0
DA:170,0
DA:171,0
DA:172,0
DA:176,0
DA:178,0
DA:179,0
DA:180,0
LF:63
LH:0
end_of_record
SF:lib\features\thanks_page\data\repo\thanks_repo_impl.dart
DA:14,1
DA:16,1
DA:21,2
DA:23,1
DA:24,1
DA:27,4
DA:30,1
DA:31,2
LF:8
LH:8
end_of_record
SF:lib\features\thanks_page\data\sources\thanks_ds_impl.dart
DA:13,1
DA:14,1
DA:16,3
DA:17,1
DA:21,1
DA:23,2
LF:6
LH:6
end_of_record
SF:lib\features\thanks_page\domain\usecase\delete_order_local.dart
DA:7,0
DA:9,0
LF:2
LH:0
end_of_record
SF:lib\features\thanks_page\domain\usecase\set_order_as_completed_usecase.dart
DA:9,0
DA:10,0
DA:11,0
LF:3
LH:0
end_of_record
SF:lib\features\thanks_page\presentation\manger\cubit\thanks_cubit.dart
DA:13,1
DA:14,1
DA:16,1
DA:18,1
DA:19,2
DA:24,1
DA:25,3
DA:26,2
DA:28,1
DA:29,2
DA:30,3
DA:32,1
DA:33,1
DA:34,2
DA:35,2
LF:15
LH:15
end_of_record
SF:lib\core\general_cubits\locale_cubit.dart
DA:11,1
DA:12,1
DA:13,1
DA:14,3
DA:20,1
DA:21,2
DA:22,1
DA:23,3
DA:27,1
DA:29,3
DA:33,1
LF:11
LH:11
end_of_record
SF:lib\core\network\external_modules.dart
DA:17,0
DA:19,0
DA:20,0
DA:21,0
DA:22,0
DA:23,0
DA:27,0
DA:29,0
DA:39,0
DA:41,0
DA:44,0
DA:49,0
DA:51,0
DA:53,0
DA:56,0
DA:57,0
DA:58,0
DA:60,0
DA:62,0
DA:66,0
DA:68,0
DA:71,0
DA:72,0
DA:74,0
DA:76,0
LF:25
LH:0
end_of_record
SF:lib\core\services\firebase_services.dart
DA:7,0
DA:9,0
DA:14,0
DA:17,0
DA:18,0
DA:21,0
DA:26,0
DA:29,0
DA:30,0
DA:33,0
DA:34,0
DA:37,0
DA:38,0
LF:13
LH:0
end_of_record
SF:lib\core\services\token_interceptor.dart
DA:10,0
DA:15,0
DA:17,0
DA:18,0
DA:20,0
LF:5
LH:0
end_of_record
SF:lib\core\errors\firebase_result.dart
DA:10,5
DA:16,5
DA:19,1
DA:23,1
DA:24,1
DA:25,0
DA:26,0
DA:27,0
DA:28,0
DA:32,0
DA:33,0
LF:11
LH:5
end_of_record
SF:lib\core\errors\firebase_results.dart
DA:9,0
DA:14,0
DA:17,0
DA:21,0
DA:22,0
DA:23,0
DA:24,0
DA:25,0
DA:26,0
DA:30,0
DA:31,0
LF:11
LH:0
end_of_record
SF:lib\core\utils\enums.dart
DA:8,0
DA:10,0
DA:12,0
DA:14,0
DA:16,0
DA:18,0
DA:23,0
DA:25,0
DA:27,0
DA:29,0
DA:31,0
DA:33,0
DA:38,1
DA:40,1
DA:42,0
DA:44,0
DA:46,0
DA:48,0
DA:53,2
DA:55,2
DA:57,1
DA:59,1
DA:61,1
DA:63,1
DA:68,2
DA:70,2
DA:72,1
DA:74,1
DA:76,1
DA:78,1
DA:83,1
DA:84,1
DA:85,3
DA:86,0
DA:90,0
DA:92,0
DA:94,0
DA:96,0
DA:98,0
DA:110,2
DA:112,2
DA:114,1
DA:116,1
DA:118,1
DA:123,0
DA:124,0
DA:125,0
DA:126,0
LF:48
LH:22
end_of_record
SF:lib\features\auth\apply\data\model\request\apply_request_dto.dart
DA:22,1
DA:38,0
DA:39,0
DA:40,0
DA:41,0
DA:42,0
DA:43,0
DA:44,0
DA:45,0
DA:46,0
DA:47,0
DA:48,0
DA:49,0
DA:50,0
DA:54,0
DA:55,0
DA:56,0
DA:57,0
DA:60,0
DA:61,0
DA:62,0
DA:65,0
DA:66,0
DA:67,0
DA:68,0
DA:69,0
LF:26
LH:1
end_of_record
SF:lib\features\auth\apply\data\mapper\mapper_request_to_dto.dart
DA:4,1
DA:5,1
DA:6,1
DA:7,1
DA:8,1
DA:9,1
DA:10,1
DA:11,1
DA:12,1
DA:13,1
DA:14,1
DA:15,1
DA:16,1
DA:17,1
DA:18,1
LF:15
LH:15
end_of_record
SF:lib\features\auth\apply\domain\entites\request_apply_entity.dart
DA:18,2
LF:1
LH:1
end_of_record
SF:lib\features\auth\apply\presentation\view_model\apply_event.dart
DA:7,1
LF:1
LH:1
end_of_record
SF:lib\features\auth\apply\presentation\view_model\apply_state.dart
DA:9,2
DA:15,1
DA:21,1
DA:22,1
DA:23,1
DA:24,1
DA:25,1
LF:7
LH:7
end_of_record
SF:lib\features\auth\change_password\data\mapper\mapper_request_to_dto.dart
DA:14,2
DA:15,2
DA:16,2
DA:17,2
LF:4
LH:4
end_of_record
SF:lib\features\auth\change_password\domain\entities\change_password_request_entity.dart
DA:4,4
LF:1
LH:1
end_of_record
SF:lib\features\auth\change_password\view\view_model\change_password_event.dart
DA:7,1
LF:1
LH:1
end_of_record
SF:lib\features\auth\change_password\view\view_model\change_password_state.dart
DA:5,2
DA:10,1
DA:15,1
DA:16,0
DA:17,1
DA:18,1
LF:6
LH:5
end_of_record
SF:lib\features\auth\forget_password\presentation\view_model\cubit\forget_password_event.dart
DA:5,0
DA:10,0
DA:15,0
LF:3
LH:0
end_of_record
SF:lib\features\auth\login_screen\presentation\manager\login_state.dart
DA:11,2
DA:22,1
DA:32,1
DA:33,1
DA:34,1
DA:35,1
DA:36,1
DA:37,1
DA:38,1
DA:39,1
DA:40,1
LF:11
LH:11
end_of_record
SF:lib\features\edit_profile\data\mapper\edit_profile_mappers.dart
DA:11,3
DA:12,3
DA:13,3
DA:14,6
DA:20,3
DA:21,3
DA:22,3
DA:23,3
DA:24,3
DA:25,3
DA:31,3
DA:32,3
DA:33,3
DA:34,6
DA:40,3
DA:41,3
DA:42,3
DA:43,3
DA:44,3
DA:45,3
DA:46,3
DA:47,3
DA:48,3
DA:49,3
DA:50,3
DA:51,3
DA:52,3
DA:53,3
DA:54,3
DA:55,3
DA:56,3
DA:57,3
LF:32
LH:32
end_of_record
SF:lib\features\edit_profile\domain\entities\driver_entity.dart
DA:21,6
LF:1
LH:1
end_of_record
SF:lib\features\edit_profile\domain\entities\request\edit_profile_request_entity.dart
DA:7,5
LF:1
LH:1
end_of_record
SF:lib\features\edit_profile\domain\entities\response\edit_profile_response_entity.dart
DA:7,5
LF:1
LH:1
end_of_record
SF:lib\features\edit_profile\domain\entities\response\get_logged_driver_response_entity.dart
DA:7,5
LF:1
LH:1
end_of_record
SF:lib\features\edit_profile\data\mapper\upload_photo_mapper.dart
DA:5,3
DA:6,6
LF:2
LH:2
end_of_record
SF:lib\features\edit_profile\domain\entities\response\upload_photo_response_entity.dart
DA:4,4
LF:1
LH:1
end_of_record
SF:lib\features\edit_profile\data\mapper\vehicle_mapper.dart
DA:9,3
DA:10,3
DA:11,3
DA:12,3
DA:13,3
DA:19,3
DA:20,3
DA:21,3
DA:22,15
DA:28,3
DA:29,12
LF:11
LH:11
end_of_record
SF:lib\features\edit_profile\domain\entities\request\edit_vehicle_request_entity.dart
DA:6,3
LF:1
LH:1
end_of_record
SF:lib\features\edit_profile\domain\entities\response\vehicle_response_entity.dart
DA:7,5
LF:1
LH:1
end_of_record
SF:lib\features\edit_profile\presentation\manger\profile_manger\edit_profile_event.dart
DA:13,1
LF:1
LH:1
end_of_record
SF:lib\features\edit_profile\presentation\manger\profile_manger\edit_profile_state.dart
DA:15,2
DA:24,1
DA:25,1
DA:26,1
DA:27,1
DA:28,1
DA:29,1
DA:30,1
DA:31,1
DA:34,1
DA:42,1
DA:43,1
DA:44,1
DA:46,1
DA:48,1
DA:49,1
DA:50,1
LF:17
LH:17
end_of_record
SF:lib\features\edit_profile\presentation\manger\vehicle_manger\vehicle_state.dart
DA:9,3
DA:15,1
DA:21,1
DA:22,1
DA:23,1
DA:24,1
DA:25,1
LF:7
LH:7
end_of_record
SF:lib\features\main_layout\home_screen\data\models\to_firebase\to_firebase_dto.dart
DA:19,2
DA:26,0
DA:27,0
DA:30,1
DA:31,1
LF:5
LH:3
end_of_record
SF:lib\features\main_layout\home_screen\data\models\to_firebase\to_firebase_dto.g.dart
DA:9,0
DA:10,0
DA:11,0
DA:13,0
DA:14,0
DA:16,0
DA:17,0
DA:18,0
DA:20,0
DA:23,1
DA:24,1
DA:25,1
DA:26,2
DA:27,2
DA:28,2
LF:15
LH:6
end_of_record
SF:lib\features\main_layout\home_screen\data\maper\to_dto_maper.dart
DA:18,2
DA:19,1
DA:20,2
DA:21,3
DA:22,2
DA:25,2
DA:26,1
DA:27,1
DA:28,1
DA:29,1
DA:30,3
DA:31,1
DA:32,1
DA:33,1
DA:34,3
DA:35,2
DA:36,1
DA:37,3
DA:38,2
DA:41,2
DA:42,2
DA:43,1
DA:44,1
DA:45,1
DA:46,2
DA:47,2
DA:48,1
DA:49,1
DA:50,1
DA:51,1
DA:52,1
DA:53,1
DA:54,2
DA:55,1
DA:56,2
DA:57,1
DA:60,2
DA:61,1
DA:62,1
DA:63,1
DA:64,1
DA:65,1
DA:68,2
DA:69,1
DA:70,1
DA:71,1
DA:72,1
DA:73,1
DA:74,1
DA:75,1
DA:78,2
DA:79,1
DA:80,1
DA:81,1
DA:82,1
DA:83,1
DA:84,1
DA:85,1
DA:86,1
DA:87,1
DA:88,1
DA:89,1
DA:92,2
DA:93,1
DA:94,2
DA:97,3
LF:66
LH:66
end_of_record
SF:lib\features\main_layout\home_screen\domain\entities\get_pending_orders\orders_entity.dart
DA:6,9
LF:1
LH:1
end_of_record
SF:lib\features\main_layout\home_screen\domain\entities\get_pending_orders\product_entity.dart
DA:2,3
LF:1
LH:1
end_of_record
SF:lib\features\main_layout\home_screen\domain\entities\get_pending_orders\store_entity.dart
DA:2,6
LF:1
LH:1
end_of_record
SF:lib\features\main_layout\home_screen\domain\entities\to_firebase\to_firebase_entity.dart
DA:6,1
LF:1
LH:1
end_of_record
SF:lib\features\main_layout\home_screen\domain\entities\get_pending_orders\order_items_entity.dart
DA:4,3
LF:1
LH:1
end_of_record
SF:lib\features\main_layout\home_screen\domain\entities\get_pending_orders\user_entity.dart
DA:2,6
LF:1
LH:1
end_of_record
SF:lib\features\main_layout\home_screen\domain\entities\logged_driver_data\driver_data_entity.dart
DA:2,5
LF:1
LH:1
end_of_record
SF:lib\features\main_layout\home_screen\data\maper\to_entity_maper.dart
DA:19,2
DA:20,2
DA:21,2
DA:22,4
DA:23,6
DA:26,2
DA:27,1
DA:28,1
DA:29,1
DA:30,1
DA:33,2
DA:34,1
DA:35,1
DA:36,3
DA:37,1
DA:40,4
DA:41,2
DA:42,2
DA:43,2
DA:44,2
DA:45,6
DA:46,2
DA:47,2
DA:48,2
DA:49,2
DA:50,2
DA:51,2
DA:52,2
DA:53,2
DA:56,2
DA:57,1
DA:58,1
DA:59,1
DA:60,1
DA:61,1
DA:62,1
DA:63,1
DA:64,1
DA:65,1
DA:66,1
DA:67,1
DA:68,1
DA:69,1
DA:70,1
DA:71,1
DA:72,1
DA:75,2
DA:76,1
DA:77,1
DA:78,1
DA:79,1
DA:80,1
DA:83,2
DA:84,1
DA:85,1
DA:86,1
DA:87,1
DA:88,1
DA:89,1
DA:90,1
DA:93,4
DA:94,2
DA:95,2
DA:96,2
DA:97,2
DA:98,2
DA:99,2
DA:100,2
DA:101,2
DA:102,2
DA:103,2
DA:104,2
LF:72
LH:72
end_of_record
SF:lib\features\main_layout\home_screen\domain\entities\get_pending_orders\get_pending_orders_entity.dart
DA:5,4
LF:1
LH:1
end_of_record
SF:lib\features\main_layout\home_screen\domain\entities\get_pending_orders\metadata_entity.dart
DA:2,1
LF:1
LH:1
end_of_record
SF:lib\features\main_layout\home_screen\presentation\manager\home_tab_event.dart
DA:9,1
DA:14,2
LF:2
LH:2
end_of_record
SF:lib\features\main_layout\home_screen\presentation\manager\home_tab_state.dart
DA:15,2
DA:26,1
DA:36,1
DA:37,1
DA:38,1
DA:39,1
DA:40,1
DA:41,1
DA:42,1
DA:43,1
DA:44,1
DA:48,1
DA:49,1
DA:50,1
DA:51,1
DA:52,1
DA:53,1
DA:54,1
DA:55,1
DA:56,1
DA:57,1
LF:21
LH:21
end_of_record
SF:lib\features\main_profile\presentation\manager\profile_state.dart
DA:14,3
DA:25,1
DA:35,1
DA:36,1
DA:37,1
DA:38,1
DA:39,1
DA:40,1
DA:41,1
DA:42,1
DA:43,1
LF:11
LH:11
end_of_record
SF:lib\features\order_details\presentation\manger\cubit\order_details_event.dart
DA:8,2
DA:10,0
DA:11,0
DA:18,1
DA:20,0
DA:21,0
DA:27,1
DA:29,1
DA:30,2
LF:9
LH:5
end_of_record
SF:lib\features\order_details\presentation\manger\cubit\order_details_state.dart
DA:14,4
DA:24,1
DA:36,1
DA:45,1
DA:46,1
DA:47,1
DA:48,1
DA:49,1
DA:50,1
DA:51,1
DA:56,1
DA:57,1
DA:58,1
DA:59,1
DA:60,1
DA:61,1
DA:62,1
DA:63,1
DA:64,1
LF:19
LH:19
end_of_record
SF:lib\features\orders_page\presentation\manager\get_all_orders_state.dart
DA:9,3
DA:16,1
DA:22,1
DA:23,0
DA:24,1
DA:25,1
DA:26,1
LF:7
LH:6
end_of_record
SF:lib\features\pick_up_location\presentation\manager\cubit\pick_up_location_event.dart
DA:7,1
DA:12,0
LF:2
LH:1
end_of_record
SF:lib\features\pick_up_location\presentation\manager\cubit\pick_up_location_state.dart
DA:13,2
DA:21,0
DA:28,0
DA:29,0
DA:31,0
DA:32,0
DA:33,0
DA:37,0
DA:38,0
DA:39,0
DA:40,0
DA:41,0
DA:42,0
DA:43,0
LF:14
LH:1
end_of_record
SF:lib\features\pick_up_location\presentation\pages\widgets\custom_marker.dart
DA:4,1
DA:5,1
DA:8,1
DA:10,1
DA:11,1
DA:12,1
DA:13,1
DA:19,1
DA:21,1
DA:23,1
DA:24,1
DA:25,1
DA:26,1
LF:13
LH:13
end_of_record
SF:lib\features\thanks_page\presentation\manger\cubit\thanks_event.dart
DA:5,2
LF:1
LH:1
end_of_record
SF:lib\features\thanks_page\presentation\manger\cubit\thanks_state.dart
DA:7,2
DA:13,1
DA:18,1
DA:19,0
DA:20,1
DA:21,1
DA:25,1
DA:26,4
LF:8
LH:7
end_of_record
SF:lib\features\main_profile\data\models\response\get_vehicle_response.dart
DA:14,1
DA:16,0
DA:17,0
DA:20,0
DA:21,0
DA:24,1
DA:25,1
DA:26,1
DA:27,2
LF:9
LH:5
end_of_record
SF:lib\features\main_profile\data\models\response\get_vehicle_response.g.dart
DA:9,0
DA:10,0
DA:11,0
DA:12,0
DA:14,0
DA:17,0
DA:18,0
DA:19,0
DA:20,0
LF:9
LH:0
end_of_record
SF:lib\features\main_profile\domain\entities\get_vehicle_entity.dart
DA:7,1
LF:1
LH:1
end_of_record
SF:lib\core\l10n\translations\app_localizations.dart
DA:65,33
DA:66,66
DA:70,31
DA:71,31
DA:974,1
DA:976,33
DA:978,66
DA:981,33
DA:983,99
DA:985,0
DA:989,33
DA:991,33
DA:992,33
DA:993,1
DA:994,33
DA:995,33
DA:998,0
LF:17
LH:15
end_of_record
SF:lib\features\auth\login_screen\presentation\pages\login_screen.dart
DA:16,1
DA:18,1
DA:19,1
DA:28,1
DA:30,1
DA:31,2
DA:32,1
DA:33,1
DA:34,1
DA:35,0
DA:37,0
DA:40,1
DA:41,2
DA:44,1
DA:45,1
DA:46,3
DA:47,1
DA:48,0
DA:49,0
DA:54,1
DA:61,1
DA:62,1
DA:63,1
DA:64,1
DA:65,1
DA:66,1
DA:67,3
DA:69,1
DA:70,1
DA:71,1
DA:73,1
DA:74,3
DA:75,2
DA:78,1
DA:79,1
DA:80,1
DA:81,2
DA:82,1
DA:87,1
DA:88,1
DA:89,1
DA:91,1
DA:92,3
DA:93,1
DA:95,1
DA:98,1
DA:99,1
DA:100,1
DA:101,1
DA:102,1
DA:103,0
DA:104,0
DA:105,0
DA:106,0
DA:110,1
DA:119,1
DA:120,2
DA:121,3
DA:124,1
DA:125,0
DA:126,0
DA:127,1
DA:128,2
DA:129,3
DA:130,1
DA:139,1
DA:140,1
DA:141,1
DA:142,1
DA:143,1
DA:144,1
DA:145,3
DA:146,0
DA:147,0
DA:148,0
DA:149,0
DA:155,1
DA:159,1
DA:160,2
DA:175,1
DA:177,2
DA:178,2
DA:179,1
LF:83
LH:69
end_of_record
SF:lib\core\extensions\extensions.dart
DA:7,76
DA:11,84
DA:17,36
DA:22,16
DA:25,24
DA:28,6
DA:31,0
LF:7
LH:6
end_of_record
SF:lib\core\helpers\spacing.dart
DA:3,40
DA:5,20
LF:2
LH:2
end_of_record
SF:lib\core\l10n\translations\app_localizations_ar.dart
DA:9,2
DA:11,0
DA:14,0
DA:17,0
DA:20,0
DA:23,0
DA:26,0
DA:29,0
DA:32,0
DA:35,0
DA:38,0
DA:41,0
DA:44,0
DA:47,0
DA:50,0
DA:53,0
DA:56,0
DA:59,0
DA:62,0
DA:65,0
DA:68,0
DA:71,0
DA:74,0
DA:77,0
DA:80,0
DA:83,0
DA:86,0
DA:89,0
DA:92,0
DA:95,0
DA:99,0
DA:102,0
DA:105,0
DA:108,0
DA:112,0
DA:115,0
DA:118,0
DA:122,0
DA:126,0
DA:129,0
DA:132,0
DA:135,0
DA:138,0
DA:141,0
DA:145,0
DA:148,0
DA:151,0
DA:154,0
DA:157,0
DA:160,0
DA:163,0
DA:166,0
DA:169,0
DA:172,0
DA:175,0
DA:178,0
DA:181,0
DA:184,0
DA:187,0
DA:190,0
DA:193,0
DA:196,0
DA:199,0
DA:202,0
DA:205,0
DA:208,0
DA:211,0
DA:214,0
DA:217,0
DA:220,0
DA:223,0
DA:226,0
DA:229,0
DA:232,1
DA:235,1
DA:238,1
DA:241,0
DA:244,0
DA:247,0
DA:250,0
DA:253,0
DA:256,0
DA:259,0
DA:262,0
DA:265,0
DA:268,0
DA:271,0
DA:274,0
DA:277,0
DA:280,0
DA:283,0
DA:286,0
DA:289,0
DA:292,0
DA:295,0
DA:298,0
DA:301,0
DA:304,0
DA:307,0
DA:310,0
DA:313,0
DA:316,0
DA:319,0
DA:322,0
DA:325,0
DA:328,0
DA:331,0
DA:334,0
DA:337,0
DA:340,0
DA:343,0
DA:346,0
DA:349,0
DA:352,0
DA:355,0
DA:358,0
DA:361,0
DA:364,0
DA:367,0
DA:370,0
DA:373,0
DA:376,0
DA:379,0
DA:382,0
DA:385,0
DA:388,0
DA:391,0
DA:394,0
DA:397,0
DA:400,0
DA:403,0
DA:406,0
DA:409,0
DA:412,0
DA:415,0
DA:418,0
DA:421,0
DA:424,0
DA:427,0
DA:430,0
DA:433,0
DA:436,0
DA:439,0
DA:442,0
DA:445,0
DA:448,0
LF:146
LH:4
end_of_record
SF:lib\core\l10n\translations\app_localizations_en.dart
DA:9,66
DA:11,1
DA:14,6
DA:17,4
DA:20,6
DA:23,1
DA:26,1
DA:29,3
DA:32,0
DA:35,0
DA:38,0
DA:41,0
DA:44,0
DA:47,3
DA:50,3
DA:53,0
DA:56,0
DA:59,0
DA:62,0
DA:65,0
DA:68,0
DA:71,0
DA:74,0
DA:77,1
DA:80,1
DA:83,2
DA:86,2
DA:89,3
DA:92,1
DA:95,0
DA:99,0
DA:102,2
DA:105,1
DA:109,1
DA:113,1
DA:116,1
DA:119,2
DA:123,2
DA:127,3
DA:130,2
DA:133,2
DA:136,2
DA:139,2
DA:142,2
DA:146,2
DA:149,2
DA:152,0
DA:155,0
DA:158,0
DA:161,4
DA:164,0
DA:167,0
DA:170,0
DA:173,0
DA:176,0
DA:179,0
DA:182,0
DA:185,0
DA:188,0
DA:191,0
DA:194,0
DA:197,1
DA:200,0
DA:203,0
DA:206,1
DA:209,1
DA:212,2
DA:215,2
DA:218,0
DA:221,0
DA:224,0
DA:227,2
DA:230,2
DA:233,2
DA:236,2
DA:240,2
DA:243,2
DA:246,1
DA:249,1
DA:252,1
DA:255,1
DA:258,1
DA:261,2
DA:264,1
DA:267,0
DA:270,1
DA:273,0
DA:276,1
DA:279,3
DA:282,1
DA:285,1
DA:288,1
DA:291,0
DA:294,0
DA:297,0
DA:300,1
DA:303,0
DA:306,0
DA:309,1
DA:312,0
DA:315,1
DA:318,0
DA:321,1
DA:324,2
DA:327,1
DA:330,1
DA:333,1
DA:336,1
DA:339,1
DA:342,1
DA:345,0
DA:348,0
DA:351,0
DA:354,0
DA:357,0
DA:360,1
DA:363,0
DA:366,2
DA:369,2
DA:372,0
DA:375,3
DA:378,3
DA:381,2
DA:384,0
DA:387,0
DA:390,3
DA:393,3
DA:396,3
DA:399,3
DA:402,3
DA:405,3
DA:408,2
DA:411,2
DA:414,2
DA:417,0
DA:420,3
DA:423,3
DA:426,3
DA:429,3
DA:432,0
DA:435,3
DA:438,1
DA:441,0
DA:444,2
DA:447,2
DA:450,1
LF:146
LH:91
end_of_record
SF:lib\features\orders_page\presentation\widgets\order_item_widget.dart
DA:11,0
DA:13,0
DA:15,0
DA:16,0
DA:18,0
DA:20,0
DA:23,0
DA:25,0
DA:27,0
DA:28,0
DA:29,0
DA:30,0
DA:32,0
DA:34,0
DA:35,0
DA:36,0
DA:42,0
DA:43,0
DA:44,0
DA:45,0
DA:47,0
DA:50,0
DA:51,0
DA:52,0
DA:54,0
DA:58,0
DA:59,0
DA:60,0
DA:61,0
DA:63,0
DA:64,0
DA:66,0
DA:67,0
DA:72,0
DA:74,0
DA:75,0
DA:76,0
DA:78,0
DA:79,0
DA:82,0
DA:83,0
DA:86,0
DA:87,0
DA:89,0
DA:90,0
DA:92,0
DA:94,0
DA:95,0
DA:97,0
DA:98,0
DA:100,0
DA:102,0
DA:104,0
DA:113,0
DA:114,0
DA:115,0
DA:116,0
DA:118,0
DA:119,0
DA:121,0
DA:122,0
DA:127,0
DA:129,0
DA:130,0
DA:131,0
DA:134,0
DA:136,0
DA:137,0
DA:138,0
DA:139,0
DA:140,0
DA:142,0
DA:143,0
DA:144,0
DA:145,0
DA:146,0
DA:148,0
DA:149,0
DA:150,0
DA:151,0
DA:152,0
DA:155,0
DA:156,0
DA:159,0
DA:160,0
DA:161,0
DA:162,0
DA:163,0
DA:165,0
DA:167,0
DA:168,0
DA:170,0
DA:171,0
DA:174,0
DA:176,0
LF:95
LH:0
end_of_record
SF:lib\config\routing\routing_extensions.dart
DA:4,0
DA:5,0
DA:8,0
DA:9,0
DA:11,0
DA:14,0
DA:19,0
DA:21,0
DA:24,0
LF:9
LH:0
end_of_record
SF:lib\core\helpers\dialogue_utils.dart
DA:6,1
DA:10,1
DA:13,1
DA:14,1
DA:15,1
DA:16,1
DA:18,1
DA:20,1
DA:36,2
DA:37,2
DA:39,2
DA:40,2
DA:41,6
DA:42,2
DA:44,6
DA:46,2
DA:47,2
DA:48,0
DA:49,0
DA:51,6
DA:59,1
DA:60,1
DA:63,1
DA:72,1
DA:75,1
DA:76,1
DA:77,1
DA:78,1
DA:79,1
DA:81,1
DA:87,0
DA:88,0
DA:89,0
DA:90,0
DA:91,0
DA:93,0
DA:98,1
DA:100,1
DA:101,1
DA:102,1
DA:103,1
LF:41
LH:33
end_of_record
SF:lib\core\helpers\regex.dart
DA:2,1
DA:3,2
DA:6,2
DA:7,4
DA:10,1
DA:11,2
DA:14,0
DA:15,0
DA:18,2
DA:19,2
DA:21,2
LF:11
LH:9
end_of_record
SF:lib\core\helpers\validators.dart
DA:6,1
DA:7,1
DA:8,2
DA:9,1
DA:10,2
DA:15,3
DA:16,3
DA:17,4
DA:18,2
DA:19,4
DA:24,3
DA:25,3
DA:26,6
DA:27,2
DA:28,2
DA:33,1
DA:34,1
DA:35,0
DA:40,1
DA:45,1
DA:46,2
DA:47,2
DA:48,0
DA:50,0
DA:51,0
DA:52,0
DA:57,2
DA:62,2
DA:63,4
DA:64,1
DA:65,2
DA:66,1
DA:67,1
DA:69,1
DA:74,1
DA:78,1
DA:79,2
DA:80,1
DA:81,2
DA:86,5
DA:87,5
DA:88,8
DA:93,0
DA:97,0
DA:98,0
DA:101,0
DA:103,0
DA:104,0
LF:48
LH:37
end_of_record
SF:lib\features\main_profile\presentation\widgets\dialog_change_locale.dart
DA:11,1
DA:13,1
DA:15,1
DA:17,1
DA:19,1
DA:22,1
DA:23,1
DA:25,1
DA:28,1
DA:30,1
DA:34,1
DA:37,1
DA:38,2
DA:39,4
DA:44,1
DA:47,1
DA:49,1
DA:51,1
DA:56,1
DA:58,1
DA:59,1
DA:60,2
DA:61,3
DA:63,1
DA:64,0
DA:65,0
DA:66,0
DA:68,0
DA:70,3
DA:77,1
DA:80,1
DA:82,1
DA:84,1
DA:89,1
DA:91,1
DA:92,1
DA:93,2
DA:94,3
DA:96,1
DA:97,0
DA:98,0
DA:99,0
DA:101,0
DA:103,3
LF:44
LH:36
end_of_record
SF:lib\features\main_profile\presentation\pages\main_profile.dart
DA:22,1
DA:24,1
DA:25,1
DA:31,1
DA:33,3
DA:34,1
DA:35,4
DA:36,1
DA:37,1
DA:38,3
DA:40,1
DA:41,1
DA:42,0
DA:49,1
DA:51,1
DA:53,1
DA:54,1
DA:55,1
DA:56,1
DA:59,0
DA:60,0
DA:61,0
DA:63,0
DA:64,0
DA:66,0
DA:67,1
DA:68,0
DA:69,0
DA:70,0
DA:75,0
DA:76,0
DA:77,0
DA:84,1
DA:85,1
DA:86,1
DA:87,1
DA:90,1
DA:91,0
DA:92,0
DA:94,1
DA:95,2
DA:97,1
DA:98,2
DA:99,1
DA:106,1
DA:107,1
DA:109,2
DA:110,1
DA:111,0
DA:112,0
DA:119,0
DA:122,1
DA:123,1
DA:124,2
DA:125,0
DA:126,1
DA:128,3
DA:134,1
DA:135,2
DA:136,1
DA:138,3
LF:61
LH:42
end_of_record
SF:lib\features\main_profile\presentation\widgets\custom_action_row.dart
DA:9,1
DA:11,1
DA:13,1
DA:14,1
DA:15,3
DA:16,1
DA:17,1
DA:18,5
DA:19,1
DA:20,3
LF:10
LH:10
end_of_record
SF:lib\features\main_profile\presentation\widgets\custom_info_card.dart
DA:13,1
DA:23,1
DA:25,1
DA:27,4
DA:28,1
DA:30,1
DA:31,1
DA:32,1
DA:38,1
DA:40,1
DA:41,1
DA:42,1
DA:43,1
DA:44,1
DA:46,1
DA:49,1
DA:50,1
DA:51,1
DA:52,1
DA:53,1
DA:54,3
DA:56,1
DA:57,1
DA:58,1
DA:59,1
DA:60,1
DA:62,3
DA:64,1
DA:65,0
DA:66,0
DA:67,0
DA:68,0
DA:70,0
DA:75,1
DA:76,1
DA:78,1
DA:79,0
DA:82,2
LF:38
LH:32
end_of_record
SF:lib\features\main_profile\presentation\widgets\logout_button.dart
DA:11,1
DA:13,1
DA:15,1
DA:17,1
DA:18,2
DA:19,1
DA:21,3
DA:24,0
DA:29,0
DA:30,0
DA:32,0
DA:33,0
DA:34,0
LF:13
LH:7
end_of_record
SF:lib\core\helpers\flutter_toast.dart
DA:7,0
DA:12,0
LF:2
LH:0
end_of_record
SF:lib\features\main_profile\presentation\pages\loading_to_profile.dart
DA:6,1
DA:8,0
DA:10,0
DA:12,0
DA:13,0
DA:15,0
DA:16,0
DA:17,0
DA:23,0
LF:9
LH:1
end_of_record
SF:lib\features\main_profile\presentation\widgets\logout_alert_dialogue.dart
DA:18,1
DA:20,0
DA:22,0
DA:23,0
DA:24,0
DA:25,0
DA:26,0
DA:27,0
DA:29,0
DA:33,0
DA:34,0
DA:36,0
DA:37,0
DA:41,0
DA:42,0
DA:44,0
DA:45,0
DA:46,0
DA:47,0
DA:49,0
DA:51,0
DA:52,0
DA:54,0
DA:55,0
DA:56,0
DA:57,0
DA:62,0
DA:63,0
DA:64,0
DA:65,0
DA:66,0
DA:67,0
DA:68,0
DA:69,0
DA:70,0
DA:73,0
DA:74,0
DA:75,0
DA:76,0
DA:77,0
DA:80,0
DA:81,0
DA:85,0
DA:86,0
DA:87,0
DA:88,0
DA:89,0
DA:90,0
LF:48
LH:1
end_of_record
SF:lib\features\orders_page\presentation\pages\orders_page.dart
DA:15,1
DA:19,1
DA:21,1
DA:22,1
DA:24,1
DA:25,4
DA:26,1
DA:27,1
DA:29,3
DA:31,1
DA:32,1
DA:33,1
DA:39,1
DA:40,1
DA:41,1
DA:42,2
DA:43,3
DA:48,0
DA:49,0
DA:51,0
DA:53,0
DA:54,0
DA:55,0
DA:56,0
DA:58,0
DA:59,0
DA:60,0
DA:64,0
DA:65,0
DA:66,0
DA:69,0
DA:71,0
DA:72,0
DA:73,0
DA:75,0
DA:77,0
DA:78,0
DA:80,0
DA:81,0
DA:83,0
DA:85,0
DA:94,0
DA:95,0
DA:96,0
DA:97,0
LF:45
LH:17
end_of_record
SF:lib\features\orders_page\domain\entities\order_state_model.dart
DA:9,2
DA:11,1
DA:12,1
DA:13,1
DA:17,1
DA:25,1
LF:6
LH:6
end_of_record
SF:lib\features\orders_page\presentation\widgets\order_state_widget.dart
DA:13,1
DA:19,1
DA:21,1
DA:22,3
DA:23,1
DA:26,7
DA:27,1
DA:29,1
DA:31,1
DA:32,1
DA:33,1
DA:34,1
DA:36,1
DA:39,1
DA:40,1
DA:41,1
DA:42,3
DA:44,1
DA:45,1
DA:46,2
DA:47,1
DA:48,1
DA:49,2
DA:50,1
DA:51,1
DA:52,1
DA:53,1
LF:27
LH:27
end_of_record
SF:lib\features\auth\apply\presentation\widget\contact_fields.dart
DA:8,1
DA:10,1
DA:12,1
DA:14,1
DA:15,1
DA:16,2
DA:17,2
DA:18,1
DA:19,2
DA:20,2
DA:23,1
DA:24,2
DA:25,2
DA:26,1
DA:27,2
DA:28,2
LF:16
LH:16
end_of_record
SF:lib\features\auth\apply\presentation\widget\name_fields.dart
DA:7,1
DA:9,1
DA:11,1
DA:12,1
DA:13,1
DA:14,2
DA:15,0
DA:16,1
DA:17,2
DA:18,2
DA:22,1
DA:23,2
DA:24,0
DA:25,1
DA:26,2
DA:27,2
LF:16
LH:14
end_of_record
SF:lib\features\auth\apply\presentation\widget\vehicel_fields.dart
DA:17,1
DA:24,1
DA:26,1
DA:28,1
DA:29,1
DA:30,0
DA:31,0
DA:32,1
DA:33,1
DA:34,1
DA:36,1
DA:40,1
DA:41,2
DA:42,2
DA:43,1
DA:44,2
DA:45,2
DA:49,1
DA:51,2
DA:52,2
DA:53,1
LF:21
LH:19
end_of_record
SF:lib\features\auth\apply\presentation\widget\image_paker_field.dart
DA:13,2
DA:20,2
DA:21,2
DA:28,1
DA:29,2
DA:31,0
DA:32,0
DA:34,0
DA:38,1
DA:39,1
DA:40,1
DA:41,2
DA:42,3
DA:43,1
DA:45,1
DA:46,1
DA:47,0
DA:48,0
DA:49,0
DA:52,3
DA:54,1
DA:55,1
DA:56,1
DA:57,1
DA:58,1
DA:61,3
DA:69,2
DA:71,2
DA:72,1
DA:73,1
DA:74,6
DA:79,2
DA:80,2
DA:81,4
DA:82,2
DA:83,4
DA:84,0
DA:85,2
DA:86,2
DA:89,2
LF:40
LH:33
end_of_record
SF:lib\features\auth\apply\presentation\widget\selected_car_type.dart
DA:10,1
DA:16,1
DA:17,1
DA:23,0
DA:24,0
DA:25,0
DA:27,0
DA:28,0
DA:29,0
DA:31,0
DA:32,0
DA:33,0
DA:34,0
DA:35,0
DA:37,0
DA:40,0
DA:41,0
DA:42,0
DA:43,0
DA:44,0
DA:45,0
DA:46,0
DA:47,0
DA:48,0
DA:49,0
DA:50,0
DA:51,0
DA:64,1
DA:66,1
DA:67,1
DA:68,1
DA:69,1
DA:70,1
DA:72,1
LF:34
LH:10
end_of_record
SF:lib\features\auth\change_password\view\page\change_password_screen.dart
DA:14,1
DA:16,1
DA:17,1
DA:26,1
DA:27,3
DA:28,3
DA:31,1
DA:33,1
DA:34,2
DA:35,1
DA:36,1
DA:37,2
DA:38,0
DA:40,1
DA:41,0
DA:44,1
DA:45,1
DA:47,1
DA:48,4
DA:49,1
DA:51,1
DA:52,1
DA:53,1
DA:55,1
DA:56,1
DA:57,2
DA:58,1
DA:59,1
DA:60,2
DA:61,2
DA:64,1
DA:65,2
DA:66,1
DA:67,1
DA:68,1
DA:69,1
DA:70,2
DA:71,2
DA:74,1
DA:75,2
DA:76,1
DA:77,1
DA:79,2
DA:81,1
DA:83,1
DA:84,1
DA:85,2
DA:86,2
DA:90,1
DA:91,1
DA:92,0
DA:93,0
DA:94,0
DA:95,0
DA:96,0
DA:98,0
DA:100,0
DA:107,2
DA:111,1
DA:112,2
LF:60
LH:51
end_of_record
SF:lib\features\auth\forget_password\presentation\pages\widgets\email_verification_widget.dart
DA:12,3
DA:14,2
DA:16,2
DA:23,2
DA:24,4
DA:25,2
DA:28,2
DA:29,4
DA:30,0
DA:31,0
DA:33,0
DA:34,0
DA:40,2
DA:42,2
DA:43,2
DA:46,2
DA:48,4
DA:50,2
DA:53,2
DA:55,2
DA:56,2
DA:58,2
DA:59,2
DA:60,2
DA:61,2
DA:62,2
DA:63,2
DA:64,2
DA:65,6
DA:67,2
DA:68,2
DA:70,2
DA:71,2
DA:73,6
DA:75,2
DA:77,2
DA:78,2
DA:80,2
DA:81,2
DA:82,2
DA:83,8
DA:88,2
DA:89,4
DA:90,0
DA:91,0
DA:92,0
DA:95,2
DA:96,4
DA:97,0
DA:98,6
DA:99,8
DA:100,4
LF:52
LH:44
end_of_record
SF:lib\features\auth\forget_password\presentation\pages\forget_password_screen.dart
DA:10,1
DA:12,1
DA:14,1
DA:15,1
DA:16,1
DA:17,1
DA:19,0
DA:21,1
DA:22,1
DA:23,3
DA:26,1
DA:27,1
DA:28,2
DA:30,2
DA:31,2
DA:33,2
DA:34,2
DA:36,0
DA:37,0
DA:39,0
LF:20
LH:16
end_of_record
SF:lib\features\auth\forget_password\presentation\pages\widgets\forget_password_widget.dart
DA:12,3
DA:14,2
DA:15,2
DA:23,2
DA:25,4
DA:26,2
DA:29,2
DA:31,4
DA:32,2
DA:35,2
DA:37,2
DA:38,2
DA:40,2
DA:41,2
DA:42,2
DA:43,2
DA:44,2
DA:45,2
DA:47,2
DA:48,2
DA:49,6
DA:51,2
DA:52,2
DA:54,2
DA:55,2
DA:57,6
DA:59,2
DA:60,2
DA:61,2
DA:62,2
DA:63,2
DA:64,2
DA:65,2
DA:66,2
DA:67,2
DA:69,6
DA:73,2
DA:74,2
DA:75,2
DA:76,4
DA:77,6
DA:78,0
DA:79,0
DA:84,2
DA:85,4
DA:88,2
DA:89,1
DA:90,3
DA:91,0
DA:92,0
DA:95,2
DA:96,1
DA:100,2
DA:101,2
DA:102,2
DA:104,6
LF:56
LH:52
end_of_record
SF:lib\features\auth\forget_password\presentation\pages\widgets\reset_password_widget.dart
DA:12,3
DA:14,2
DA:15,2
DA:24,2
DA:26,4
DA:27,4
DA:28,2
DA:31,2
DA:33,2
DA:35,2
DA:36,2
DA:37,2
DA:38,2
DA:40,2
DA:41,2
DA:42,2
DA:43,2
DA:44,2
DA:45,6
DA:47,2
DA:48,2
DA:50,2
DA:51,2
DA:53,6
DA:55,2
DA:56,2
DA:57,2
DA:58,1
DA:59,1
DA:60,2
DA:61,2
DA:62,4
DA:65,2
DA:66,2
DA:67,2
DA:68,2
DA:71,2
DA:73,2
DA:74,2
DA:75,4
DA:78,2
DA:79,2
DA:80,2
DA:81,4
DA:82,0
DA:85,2
DA:86,2
DA:87,1
DA:88,3
DA:89,0
DA:90,0
DA:93,2
DA:94,1
DA:98,4
DA:100,4
LF:55
LH:52
end_of_record
SF:lib\features\auth\forget_password\presentation\pages\widgets\pin_code_builder.dart
DA:9,3
DA:11,3
DA:12,3
DA:20,3
DA:22,6
DA:23,6
DA:24,3
DA:27,3
DA:29,3
DA:30,3
DA:32,9
DA:34,3
DA:35,3
DA:36,3
DA:37,3
DA:38,3
DA:40,3
DA:41,3
DA:43,0
DA:44,0
DA:46,0
DA:47,0
DA:53,3
DA:56,3
DA:57,3
DA:58,3
DA:66,3
DA:69,3
DA:70,3
DA:71,3
DA:80,9
DA:81,13
DA:83,1
DA:84,3
LF:34
LH:30
end_of_record
SF:lib\features\edit_profile\presentation\pages\edit_profile_screen.dart
DA:9,1
DA:11,1
DA:13,1
DA:14,1
DA:15,4
LF:5
LH:5
end_of_record
SF:lib\core\utils\custom_elevated_button.dart
DA:5,3
DA:22,3
DA:24,3
DA:25,3
DA:26,6
DA:27,3
DA:28,4
DA:29,3
DA:32,3
DA:33,2
DA:35,2
DA:37,8
DA:38,6
DA:40,2
DA:41,4
DA:42,4
DA:43,2
DA:44,2
DA:45,2
DA:47,2
DA:48,6
DA:55,3
LF:22
LH:22
end_of_record
SF:lib\features\edit_profile\presentation\widgets\edit_profile\form\edit_profile_form.dart
DA:19,2
DA:21,2
DA:22,2
DA:28,2
DA:30,2
DA:31,6
DA:32,6
DA:35,2
DA:37,2
DA:38,6
DA:41,2
DA:43,4
DA:44,4
DA:45,4
DA:46,4
DA:48,2
DA:49,0
DA:50,0
DA:51,0
DA:53,0
DA:54,0
DA:55,0
DA:56,0
DA:57,0
DA:62,0
DA:63,0
DA:65,0
DA:66,0
DA:67,0
DA:68,0
DA:69,0
DA:70,0
DA:75,2
DA:76,2
DA:77,8
DA:78,2
DA:79,2
DA:80,2
DA:81,4
DA:82,2
DA:83,2
DA:84,4
DA:86,2
DA:87,2
DA:88,2
DA:89,2
DA:90,2
DA:93,2
DA:94,4
DA:95,0
DA:97,0
DA:98,0
DA:103,2
DA:104,2
DA:106,4
DA:108,4
DA:110,2
DA:111,2
DA:112,4
DA:114,2
DA:115,2
DA:116,4
DA:118,2
DA:119,2
DA:120,0
DA:121,0
DA:124,2
DA:125,2
DA:128,2
DA:129,0
DA:130,0
DA:133,2
DA:134,2
DA:135,0
DA:136,0
DA:137,0
DA:139,2
DA:140,2
DA:141,4
DA:146,2
LF:80
LH:54
end_of_record
SF:lib\features\edit_profile\presentation\widgets\edit_profile\build_email_field.dart
DA:7,2
DA:9,2
DA:11,2
DA:12,2
DA:15,4
DA:17,2
DA:18,4
DA:19,4
DA:20,4
DA:23,0
LF:10
LH:9
end_of_record
SF:lib\features\edit_profile\presentation\widgets\edit_profile\build_first_and_last_name_field.dart
DA:9,2
DA:15,2
DA:17,4
DA:19,2
DA:21,2
DA:22,2
DA:23,2
DA:24,2
DA:25,4
DA:26,2
DA:27,4
DA:28,4
DA:30,0
DA:33,2
DA:34,2
DA:35,2
DA:36,2
DA:37,4
DA:38,2
DA:39,4
DA:40,4
DA:42,0
LF:22
LH:20
end_of_record
SF:lib\features\edit_profile\presentation\widgets\edit_profile\build_gender_filed.dart
DA:9,2
DA:11,2
DA:13,4
DA:15,2
DA:16,2
DA:17,2
DA:18,4
DA:19,6
DA:23,2
DA:24,2
DA:26,2
DA:27,4
DA:30,2
DA:31,2
DA:33,2
DA:34,4
DA:48,2
DA:56,2
DA:58,2
DA:59,2
DA:61,2
DA:62,2
DA:63,2
DA:65,2
DA:67,0
DA:68,2
DA:70,8
LF:27
LH:26
end_of_record
SF:lib\features\edit_profile\presentation\widgets\edit_profile\build_password.dart
DA:8,2
DA:10,2
DA:12,2
DA:14,2
DA:15,2
DA:16,2
DA:17,2
DA:24,2
DA:25,4
DA:26,4
DA:28,2
DA:29,2
DA:30,2
DA:31,4
DA:32,6
DA:33,4
LF:16
LH:16
end_of_record
SF:lib\features\edit_profile\presentation\widgets\edit_profile\build_phone_field.dart
DA:7,2
DA:9,2
DA:11,2
DA:12,2
DA:14,4
DA:18,2
DA:19,4
DA:20,4
DA:21,4
DA:24,0
DA:25,0
LF:11
LH:9
end_of_record
SF:lib\features\edit_profile\presentation\widgets\edit_profile\profile_image_pick\profile_image_picker_widget.dart
DA:13,2
DA:20,3
DA:22,3
DA:29,3
DA:31,3
DA:32,7
DA:34,3
DA:35,3
DA:36,3
DA:39,3
DA:41,6
DA:43,3
DA:44,3
DA:45,0
DA:46,6
DA:47,0
DA:48,0
DA:51,6
DA:54,3
DA:57,3
DA:58,0
DA:60,0
DA:62,0
DA:64,3
DA:71,0
DA:73,0
DA:81,0
DA:82,0
DA:85,0
DA:89,0
LF:30
LH:18
end_of_record
SF:lib\features\edit_profile\presentation\widgets\edit_profile\profile_image_pick\profile_image_dialog.dart
DA:7,1
DA:12,1
DA:13,1
DA:15,1
DA:18,1
DA:19,1
DA:20,1
DA:22,1
DA:23,2
DA:26,1
DA:27,1
DA:28,1
DA:29,1
DA:31,2
DA:32,1
DA:33,1
DA:34,1
DA:35,2
DA:36,1
DA:37,2
DA:38,3
DA:42,2
DA:43,1
DA:45,1
DA:46,1
DA:49,2
DA:50,2
DA:52,1
DA:55,2
DA:56,2
DA:60,2
LF:31
LH:31
end_of_record
SF:lib\features\edit_profile\presentation\widgets\edit_profile\profile_image_pick\profile_image_utils.dart
DA:8,1
DA:9,1
DA:10,1
DA:11,3
DA:15,1
DA:17,1
DA:20,0
DA:22,1
DA:23,2
DA:24,1
DA:25,1
DA:27,0
DA:28,1
DA:30,0
DA:31,0
DA:32,0
DA:33,0
DA:35,0
DA:41,2
DA:44,4
DA:45,4
DA:47,8
DA:48,8
DA:52,2
DA:59,2
DA:61,2
DA:62,2
DA:63,2
DA:64,2
DA:66,2
DA:68,2
DA:69,2
DA:70,2
DA:71,2
DA:72,2
DA:74,2
DA:75,2
DA:77,2
DA:79,2
DA:83,4
DA:84,2
DA:86,6
DA:87,2
DA:96,2
DA:97,6
DA:98,2
DA:99,2
DA:100,2
DA:101,2
DA:102,2
DA:103,4
DA:108,1
DA:109,1
DA:111,1
DA:112,1
DA:113,3
DA:114,1
DA:115,1
DA:116,1
DA:117,0
DA:118,3
LF:61
LH:53
end_of_record
SF:lib\features\edit_profile\presentation\widgets\edit_vehicle\vehicel_fields.dart
DA:16,2
DA:23,2
DA:25,2
DA:26,4
DA:27,2
DA:28,2
DA:29,0
DA:30,0
DA:31,2
DA:32,4
DA:33,2
DA:35,2
DA:39,2
DA:40,4
DA:41,4
DA:42,2
DA:43,4
DA:44,4
DA:48,2
DA:49,4
DA:50,4
DA:51,2
LF:22
LH:20
end_of_record
SF:lib\features\edit_profile\presentation\widgets\edit_vehicle\form\edit_vehicle_form.dart
DA:15,1
DA:17,1
DA:18,1
DA:27,1
DA:29,1
DA:30,3
DA:31,3
DA:34,1
DA:36,2
DA:37,2
DA:38,2
DA:40,1
DA:41,0
DA:42,0
DA:43,0
DA:45,0
DA:49,0
DA:50,0
DA:51,0
DA:54,0
DA:55,0
DA:56,0
DA:59,1
DA:60,1
DA:61,1
DA:62,1
DA:63,1
DA:64,3
DA:67,1
DA:68,1
DA:69,1
DA:70,1
DA:71,1
DA:72,1
DA:76,1
DA:78,1
DA:79,1
DA:80,0
DA:82,0
DA:83,0
DA:84,0
DA:88,1
DA:90,1
DA:91,1
DA:92,3
DA:95,3
LF:46
LH:32
end_of_record
SF:lib\features\edit_profile\presentation\widgets\edit_vehicle\selected_car_type.dart
DA:11,2
DA:17,2
DA:18,2
DA:24,0
DA:25,0
DA:26,0
DA:28,0
DA:29,0
DA:30,0
DA:31,0
DA:33,0
DA:34,0
DA:35,0
DA:36,0
DA:37,0
DA:39,0
DA:42,0
DA:43,0
DA:44,0
DA:45,0
DA:46,0
DA:47,0
DA:48,0
DA:49,0
DA:50,0
DA:51,0
DA:52,0
DA:54,0
DA:55,0
DA:56,0
DA:57,0
DA:70,2
DA:72,2
DA:74,2
DA:75,2
DA:76,2
DA:77,2
DA:78,2
DA:79,4
DA:80,6
DA:81,2
DA:83,6
LF:42
LH:14
end_of_record
SF:lib\features\edit_profile\presentation\widgets\edit_vehicle\vehicle_image_pick\image_picker_field.dart
DA:13,2
DA:20,2
DA:21,2
DA:28,0
DA:29,0
DA:31,0
DA:32,0
DA:34,0
DA:38,0
DA:39,0
DA:40,0
DA:41,0
DA:42,0
DA:43,0
DA:44,0
DA:45,0
DA:47,0
DA:48,0
DA:49,0
DA:50,0
DA:51,0
DA:52,0
DA:53,0
DA:56,0
DA:59,0
DA:60,0
DA:61,0
DA:62,0
DA:63,0
DA:64,0
DA:65,0
DA:68,0
DA:78,2
DA:80,2
DA:81,2
DA:82,2
DA:83,12
DA:88,2
DA:89,2
DA:90,4
DA:91,2
DA:92,4
DA:93,0
DA:94,2
DA:95,2
DA:98,2
DA:99,4
LF:47
LH:17
end_of_record
SF:lib\core\components\shimmer.dart
DA:6,2
DA:8,1
DA:10,1
DA:11,1
DA:13,1
DA:14,2
DA:15,1
DA:16,1
DA:17,1
DA:19,1
DA:21,1
DA:25,2
LF:12
LH:12
end_of_record
SF:lib\features\main_layout\home_screen\presentation\pages\home_tab.dart
DA:17,1
DA:19,1
DA:21,1
DA:22,3
DA:23,2
DA:24,2
DA:25,1
DA:26,1
DA:28,1
DA:29,2
DA:30,3
DA:36,1
DA:37,1
DA:38,1
DA:39,0
DA:40,0
DA:41,0
DA:42,0
DA:45,0
DA:49,1
DA:50,0
DA:52,0
DA:55,1
DA:56,1
DA:58,1
DA:59,1
DA:60,0
DA:61,0
DA:62,0
DA:64,0
DA:66,1
DA:67,1
DA:68,1
DA:70,1
DA:71,0
DA:72,0
DA:73,0
DA:74,0
DA:75,0
DA:79,1
DA:80,1
DA:81,3
DA:82,1
DA:83,1
DA:84,0
DA:85,0
DA:86,0
DA:87,0
DA:88,2
LF:49
LH:29
end_of_record
SF:lib\features\main_layout\home_screen\presentation\widgets\pending_order_cart.dart
DA:11,1
DA:15,1
DA:17,1
DA:20,1
DA:21,1
DA:32,1
DA:35,1
DA:36,1
DA:37,2
DA:38,3
DA:42,1
DA:43,2
DA:44,3
DA:46,1
DA:47,3
DA:48,3
DA:49,3
DA:51,1
DA:52,2
DA:53,3
DA:55,1
DA:56,7
DA:58,3
DA:60,1
DA:61,3
DA:62,3
DA:63,3
DA:65,3
DA:66,2
LF:29
LH:29
end_of_record
SF:lib\features\main_layout\home_screen\presentation\widgets\picked_or_user_address_widget.dart
DA:7,1
DA:17,2
DA:19,2
DA:21,2
DA:22,2
DA:23,2
DA:24,2
DA:25,4
DA:32,2
DA:34,2
DA:35,2
DA:36,2
DA:39,2
DA:40,2
DA:41,2
DA:45,2
DA:47,2
DA:51,8
DA:52,1
DA:53,4
DA:57,2
DA:58,2
DA:60,2
DA:61,2
DA:62,2
DA:63,6
DA:65,2
DA:68,2
DA:69,2
DA:70,2
DA:72,2
DA:73,2
DA:75,2
DA:76,6
LF:34
LH:34
end_of_record
SF:lib\features\main_layout\home_screen\presentation\widgets\price_and_options_widget.dart
DA:6,2
DA:16,2
DA:18,2
DA:19,2
DA:21,2
DA:23,2
DA:24,2
DA:25,4
DA:26,6
DA:31,2
DA:32,2
DA:33,2
DA:34,2
DA:35,2
DA:37,2
DA:40,2
DA:41,6
DA:43,2
DA:44,2
DA:45,4
DA:46,6
DA:47,4
DA:53,2
DA:55,2
DA:56,2
DA:57,2
DA:58,2
DA:60,2
DA:61,4
DA:62,2
DA:63,6
DA:65,2
DA:66,2
DA:67,4
DA:68,6
DA:69,4
LF:36
LH:36
end_of_record
SF:lib\features\order_details\presentation\pages\widget\call_card.dart
DA:10,4
DA:22,4
DA:24,8
DA:25,8
DA:26,8
DA:27,8
DA:28,8
DA:29,8
DA:30,4
DA:32,4
DA:33,4
DA:34,4
DA:35,4
DA:36,4
DA:37,8
DA:43,4
DA:44,4
DA:45,4
DA:46,4
DA:47,4
DA:48,4
DA:51,4
DA:52,4
DA:53,4
DA:57,2
DA:59,4
DA:63,10
DA:64,3
DA:65,2
DA:69,4
DA:70,4
DA:72,4
DA:73,4
DA:74,4
DA:75,16
DA:78,4
DA:81,4
DA:82,4
DA:83,4
DA:84,4
DA:93,4
DA:94,4
DA:95,4
DA:96,16
DA:107,4
DA:108,0
DA:109,0
DA:110,0
DA:114,0
DA:117,4
DA:123,4
DA:124,4
DA:125,0
DA:126,0
DA:127,0
DA:131,0
DA:135,4
LF:57
LH:49
end_of_record
SF:lib\features\order_details\presentation\pages\widget\custom_change_order_status_bottom.dart
DA:10,1
DA:12,2
DA:14,4
DA:15,4
DA:16,4
DA:18,4
DA:19,2
DA:20,2
DA:25,2
DA:27,2
DA:28,2
DA:29,4
DA:35,2
DA:38,2
DA:39,4
DA:41,1
DA:43,1
DA:44,1
DA:45,1
DA:46,1
DA:48,2
DA:49,1
DA:53,4
DA:55,2
DA:56,4
DA:57,8
LF:26
LH:26
end_of_record
SF:lib\features\order_details\presentation\pages\widget\details_widget.dart
DA:6,2
DA:14,2
DA:16,4
DA:17,2
DA:19,2
DA:20,2
DA:21,2
DA:22,2
DA:23,2
DA:24,4
DA:30,2
DA:31,2
DA:32,2
DA:33,2
DA:34,10
DA:36,2
DA:37,2
DA:38,8
DA:39,2
LF:19
LH:19
end_of_record
SF:lib\features\order_details\presentation\pages\widget\order_details_shimmer.dart
DA:6,3
DA:8,2
DA:10,4
DA:11,4
DA:12,4
DA:13,4
DA:14,4
DA:15,4
DA:16,4
DA:17,4
DA:18,4
DA:19,4
DA:20,2
DA:21,2
DA:22,2
DA:23,2
DA:24,2
DA:25,2
DA:27,2
DA:29,2
DA:30,2
DA:33,2
DA:35,2
DA:39,2
DA:42,2
DA:45,2
DA:47,2
DA:51,2
DA:54,2
DA:57,2
DA:59,2
DA:63,2
DA:66,2
DA:72,2
DA:75,2
DA:78,2
DA:80,2
DA:84,2
DA:87,2
DA:90,2
DA:92,2
DA:96,2
DA:99,2
DA:105,2
DA:107,2
DA:110,2
DA:112,2
DA:115,2
DA:118,2
DA:121,2
DA:123,2
DA:127,2
DA:130,2
DA:133,2
DA:135,2
DA:142,2
DA:145,2
DA:147,2
DA:150,2
LF:59
LH:59
end_of_record
SF:lib\features\order_details\presentation\pages\widget\order_details_body.dart
DA:27,1
DA:29,1
DA:30,1
DA:34,1
DA:36,3
DA:37,3
DA:38,1
DA:40,1
DA:43,1
DA:45,2
DA:46,2
DA:52,1
DA:54,2
DA:55,2
DA:56,2
DA:57,2
DA:58,2
DA:59,1
DA:60,3
DA:61,1
DA:62,1
DA:63,1
DA:64,0
DA:66,1
DA:67,0
DA:69,0
DA:73,1
DA:74,1
DA:75,1
DA:76,1
DA:77,1
DA:78,0
DA:79,0
DA:82,2
DA:87,1
DA:89,1
DA:90,2
DA:91,0
DA:93,0
DA:94,0
DA:97,2
DA:100,1
DA:101,1
DA:102,1
DA:104,1
DA:106,1
DA:107,1
DA:112,2
DA:115,1
DA:117,1
DA:118,1
DA:119,2
DA:122,1
DA:123,1
DA:124,1
DA:125,3
DA:127,1
DA:128,1
DA:129,0
DA:130,0
DA:131,0
DA:132,0
DA:135,1
DA:136,2
DA:137,2
DA:138,2
DA:139,2
DA:142,1
DA:143,1
DA:144,1
DA:145,3
DA:147,1
DA:149,1
DA:150,2
DA:151,5
DA:153,2
DA:155,1
DA:156,1
DA:157,1
DA:158,3
DA:160,1
DA:161,3
DA:162,0
DA:163,0
DA:166,0
DA:168,0
DA:169,0
DA:174,1
DA:175,1
DA:176,1
DA:177,3
DA:179,1
DA:180,1
DA:181,1
DA:182,1
DA:183,0
DA:184,1
DA:186,1
LF:98
LH:80
end_of_record
SF:lib\features\order_details\presentation\pages\widget\order_status.dart
DA:7,2
DA:11,2
DA:13,4
DA:15,4
DA:17,2
DA:18,2
DA:20,2
DA:22,2
DA:24,2
DA:25,2
DA:26,2
DA:28,2
DA:29,2
DA:31,2
DA:33,6
DA:35,2
DA:37,2
DA:38,6
DA:39,8
DA:44,2
DA:45,2
DA:46,2
DA:47,8
DA:48,2
LF:24
LH:24
end_of_record
SF:lib\features\order_details\presentation\pages\widget\product_card.dart
DA:8,1
DA:11,1
DA:13,2
DA:14,2
DA:15,2
DA:16,2
DA:17,2
DA:18,1
DA:19,1
DA:21,1
DA:22,1
DA:23,1
DA:24,1
DA:25,1
DA:26,2
DA:32,1
DA:33,1
DA:37,1
DA:38,1
DA:39,1
DA:40,1
DA:43,1
DA:44,1
DA:45,1
DA:49,0
DA:51,1
DA:55,4
DA:56,0
DA:57,3
DA:58,0
DA:62,1
DA:63,1
DA:65,1
DA:66,1
DA:68,3
DA:70,4
DA:71,1
DA:73,1
DA:76,1
DA:77,1
DA:78,5
DA:79,4
DA:87,1
DA:88,3
DA:89,4
LF:45
LH:42
end_of_record
SF:lib\features\pick_up_location\presentation\pages\pick_up_location.dart
DA:17,1
DA:25,1
DA:26,1
DA:30,1
DA:31,1
DA:33,2
DA:34,2
DA:36,1
DA:39,1
DA:41,4
DA:43,1
DA:44,2
DA:45,1
DA:46,4
DA:50,1
DA:52,2
DA:53,2
DA:54,2
DA:55,2
DA:56,2
DA:57,2
DA:58,2
DA:60,1
DA:62,1
DA:65,1
DA:66,1
DA:67,1
DA:68,1
DA:71,1
DA:72,0
DA:87,1
DA:88,1
DA:89,1
DA:95,1
DA:96,1
DA:97,1
DA:98,1
DA:104,1
DA:110,1
DA:111,1
DA:112,1
DA:113,1
DA:114,1
DA:115,1
DA:118,1
DA:120,1
DA:121,1
DA:122,2
DA:123,2
DA:127,1
DA:128,1
DA:133,2
DA:134,1
DA:135,1
DA:136,1
DA:137,1
DA:143,2
DA:148,1
DA:151,1
DA:153,0
DA:154,0
DA:155,0
DA:156,0
DA:157,0
DA:158,0
DA:173,1
DA:174,5
DA:175,1
LF:68
LH:61
end_of_record
SF:lib\features\pick_up_location\presentation\pages\widgets\map_data.dart
DA:10,2
DA:14,2
DA:16,4
DA:17,4
DA:18,4
DA:19,4
DA:20,2
DA:21,2
DA:22,2
DA:23,2
DA:25,2
DA:26,2
DA:27,2
DA:29,2
DA:30,2
DA:32,2
DA:33,2
DA:36,2
DA:41,2
DA:42,2
DA:43,2
DA:44,6
DA:46,2
DA:48,2
DA:49,4
DA:50,4
DA:51,4
DA:52,4
DA:54,2
DA:55,2
DA:56,2
DA:57,6
DA:59,2
DA:61,2
DA:62,4
DA:63,10
DA:65,4
LF:37
LH:37
end_of_record
SF:lib\features\thanks_page\presentation\pages\widgets\thanks_page_body.dart
DA:10,1
DA:12,2
DA:14,4
DA:15,4
DA:16,4
DA:17,4
DA:18,4
DA:19,4
DA:20,4
DA:21,4
DA:22,4
DA:23,4
DA:24,4
DA:26,2
DA:27,2
DA:28,2
DA:30,6
DA:34,2
DA:35,2
DA:36,2
DA:37,2
DA:39,2
DA:40,2
DA:43,2
DA:45,2
DA:48,2
DA:51,2
DA:53,2
DA:56,2
DA:59,2
DA:61,2
DA:64,2
DA:67,2
DA:69,2
DA:75,2
DA:76,2
DA:77,4
DA:78,2
DA:80,6
DA:82,2
DA:84,4
DA:85,6
DA:87,2
DA:88,2
DA:89,0
DA:90,0
DA:92,6
LF:47
LH:45
end_of_record
SF:lib\features\thanks_page\presentation\pages\widgets\thanks_page_bloc_builder.dart
DA:11,1
DA:14,1
DA:15,1
DA:19,1
DA:21,3
DA:22,3
DA:25,1
DA:28,1
DA:30,1
DA:31,1
DA:32,1
DA:39,2
DA:40,1
DA:41,1
DA:42,1
DA:43,1
DA:44,2
DA:45,1
DA:46,1
DA:47,0
DA:48,0
DA:49,0
LF:22
LH:19
end_of_record
