SF:lib\core\errors\api_results.dart
DA:10,4
DA:16,4
DA:19,1
DA:21,1
DA:22,1
DA:23,1
DA:24,1
DA:25,1
DA:28,3
LF:9
LH:9
end_of_record
SF:lib\core\errors\failures.dart
DA:6,4
DA:10,1
DA:12,1
DA:13,1
DA:14,1
DA:15,0
DA:18,1
DA:19,0
DA:20,1
DA:21,0
DA:22,1
DA:23,0
DA:27,1
DA:28,0
DA:32,1
DA:33,0
DA:37,1
DA:38,1
DA:41,0
DA:42,0
DA:46,0
DA:48,0
DA:51,0
DA:52,0
DA:53,0
DA:54,0
DA:55,0
DA:56,0
DA:57,0
DA:62,0
DA:63,0
DA:64,0
LF:32
LH:12
end_of_record
SF:lib\core\helpers\spacing.dart
DA:3,10
DA:5,2
LF:2
LH:2
end_of_record
SF:lib\features\auth\forget_password\domain\usecases\forget_password_usecase.dart
DA:10,1
DA:12,1
DA:15,2
LF:3
LH:3
end_of_record
SF:lib\features\auth\forget_password\data\models\forget_password\forget_password_request.dart
DA:4,4
DA:6,0
LF:2
LH:1
end_of_record
SF:lib\features\auth\forget_password\data\models\forget_password\forget_password_respone.dart
DA:5,4
DA:7,0
DA:8,0
DA:9,0
DA:10,0
DA:14,0
LF:6
LH:1
end_of_record
SF:lib\core\network\api_services.g.dart
DA:12,0
DA:20,0
DA:24,0
DA:25,0
DA:26,0
DA:27,0
DA:28,0
DA:29,0
DA:30,0
DA:31,0
DA:32,0
DA:37,0
DA:39,0
DA:42,0
DA:44,0
DA:50,0
DA:52,0
DA:53,0
DA:54,0
DA:55,0
DA:56,0
DA:57,0
DA:58,0
DA:59,0
DA:60,0
DA:65,0
DA:67,0
DA:70,0
DA:72,0
DA:78,0
DA:80,0
DA:81,0
DA:82,0
DA:83,0
DA:84,0
DA:85,0
DA:86,0
DA:87,0
DA:88,0
DA:93,0
DA:95,0
DA:98,0
DA:100,0
DA:106,0
DA:107,0
DA:108,0
DA:109,0
DA:110,0
DA:111,0
DA:113,0
DA:119,0
DA:120,0
DA:124,0
DA:126,0
DA:127,0
DA:130,0
LF:56
LH:0
end_of_record
SF:lib\features\auth\forget_password\data\models\reset_password\reset_password_body.dart
DA:5,3
DA:7,0
DA:8,0
DA:9,0
DA:10,0
DA:14,0
LF:6
LH:1
end_of_record
SF:lib\features\auth\forget_password\data\models\reset_password\reset_password_respone.dart
DA:5,3
DA:7,0
DA:8,0
DA:9,0
DA:10,0
DA:14,0
LF:6
LH:1
end_of_record
SF:lib\features\auth\forget_password\data\models\verify_code\verify_password_body.dart
DA:4,3
DA:6,0
DA:7,0
DA:10,0
LF:4
LH:1
end_of_record
SF:lib\features\auth\forget_password\data\models\verify_code\verify_password_respone.dart
DA:4,3
DA:6,0
DA:7,0
DA:10,0
LF:4
LH:1
end_of_record
SF:lib\features\auth\forget_password\data\repo\forget_password_repo_impl.dart
DA:20,1
DA:24,1
DA:28,2
DA:30,1
DA:31,1
DA:35,2
DA:36,1
DA:37,1
DA:38,0
DA:39,0
DA:40,0
DA:45,0
DA:46,0
DA:49,3
DA:53,1
DA:57,2
DA:59,0
DA:60,0
DA:64,2
DA:65,1
DA:66,1
DA:67,0
DA:68,0
DA:69,0
DA:74,0
DA:75,0
DA:78,3
DA:82,1
DA:86,2
DA:88,0
DA:89,0
DA:93,2
DA:94,1
DA:95,1
DA:96,0
DA:97,0
DA:98,0
DA:103,0
DA:104,0
DA:107,3
LF:40
LH:21
end_of_record
SF:lib\features\auth\forget_password\data\sources\forget_password_remote_ds_impl.dart
DA:15,1
DA:17,1
DA:21,2
DA:24,1
DA:26,2
DA:29,1
DA:31,2
LF:7
LH:7
end_of_record
SF:lib\features\auth\forget_password\domain\usecases\reset_password_usecase.dart
DA:10,0
DA:11,0
DA:12,0
LF:3
LH:0
end_of_record
SF:lib\features\auth\forget_password\domain\usecases\verify_code_usecase.dart
DA:10,0
DA:11,0
DA:14,0
LF:3
LH:0
end_of_record
SF:lib\features\auth\forget_password\presentation\view_model\cubit\forget_password_cubit.dart
DA:20,1
DA:24,1
DA:26,0
DA:28,0
DA:29,0
DA:31,0
DA:32,0
DA:34,0
DA:35,0
DA:40,1
DA:41,1
DA:42,2
DA:56,2
DA:57,1
DA:60,1
DA:61,1
DA:62,2
DA:78,1
DA:79,1
DA:80,2
DA:87,1
DA:89,2
DA:98,1
DA:99,1
DA:100,2
DA:113,2
DA:114,1
DA:117,1
DA:118,1
DA:119,2
DA:129,1
DA:130,1
DA:131,2
DA:138,1
DA:139,2
DA:149,1
DA:150,1
DA:151,2
DA:164,2
DA:165,3
DA:168,1
DA:169,1
DA:170,2
DA:180,1
DA:181,1
DA:182,2
DA:188,1
DA:191,2
LF:48
LH:41
end_of_record
SF:lib\features\auth\forget_password\presentation\view_model\cubit\forget_password_state.dart
DA:12,3
DA:21,1
DA:29,1
DA:30,1
DA:31,1
DA:32,1
DA:33,1
DA:34,1
DA:35,1
DA:39,1
DA:40,1
DA:41,1
DA:42,1
DA:43,1
DA:44,1
DA:45,1
DA:46,1
DA:55,2
DA:61,0
DA:66,0
DA:68,0
DA:69,0
DA:71,0
DA:75,1
DA:76,1
DA:77,1
DA:78,1
DA:79,1
DA:88,3
DA:94,0
DA:99,0
DA:100,0
DA:101,0
DA:102,0
DA:106,1
DA:107,1
DA:108,1
DA:109,1
DA:110,1
LF:39
LH:29
end_of_record
SF:lib\features\auth\forget_password\presentation\view_model\cubit\forget_password_event.dart
DA:5,0
DA:10,0
DA:15,0
LF:3
LH:0
end_of_record
SF:lib\config\routing\routing_extensions.dart
DA:4,0
DA:5,0
DA:8,0
DA:9,0
DA:11,0
DA:14,0
DA:19,0
DA:21,0
DA:24,0
LF:9
LH:0
end_of_record
SF:lib\core\helpers\flutter_toast.dart
DA:7,0
DA:12,0
LF:2
LH:0
end_of_record
SF:lib\core\helpers\regex.dart
DA:2,1
DA:3,2
DA:6,1
DA:7,2
DA:10,1
DA:11,2
DA:14,0
DA:15,0
DA:18,1
DA:19,1
DA:21,1
LF:11
LH:9
end_of_record
SF:lib\core\helpers\validators.dart
DA:6,1
DA:7,1
DA:8,2
DA:9,1
DA:10,2
DA:15,2
DA:16,2
DA:17,4
DA:18,1
DA:19,2
DA:24,2
DA:25,2
DA:26,4
DA:27,1
DA:28,2
DA:33,0
DA:38,0
DA:39,0
DA:40,0
DA:41,0
DA:43,0
DA:44,0
DA:45,0
DA:50,2
DA:55,2
DA:56,4
DA:57,1
DA:58,2
DA:59,1
DA:60,1
DA:62,1
DA:67,1
DA:71,1
DA:72,2
DA:73,1
DA:74,2
DA:79,0
DA:80,0
DA:81,0
LF:39
LH:28
end_of_record
SF:lib\core\l10n\translations\app_localizations.dart
DA:65,6
DA:66,12
DA:70,6
DA:71,6
DA:476,2
DA:478,6
DA:480,12
DA:483,6
DA:485,18
DA:487,0
DA:491,6
DA:493,6
DA:494,6
DA:495,0
DA:496,6
DA:497,6
DA:500,0
LF:17
LH:14
end_of_record
SF:lib\core\l10n\translations\app_localizations_ar.dart
DA:9,0
DA:11,0
DA:14,0
DA:17,0
DA:20,0
DA:23,0
DA:26,0
DA:29,0
DA:32,0
DA:35,0
DA:38,0
DA:41,0
DA:44,0
DA:47,0
DA:50,0
DA:53,0
DA:56,0
DA:59,0
DA:62,0
DA:65,0
DA:68,0
DA:71,0
DA:74,0
DA:77,0
DA:80,0
DA:83,0
DA:86,0
DA:89,0
DA:92,0
DA:95,0
DA:98,0
DA:101,0
DA:104,0
DA:107,0
DA:110,0
DA:113,0
DA:116,0
DA:119,0
DA:122,0
DA:125,0
DA:128,0
DA:132,0
DA:135,0
DA:138,0
DA:141,0
DA:145,0
DA:148,0
DA:151,0
DA:154,0
DA:158,0
DA:162,0
DA:165,0
DA:168,0
DA:171,0
DA:174,0
DA:177,0
DA:181,0
DA:184,0
DA:187,0
DA:190,0
DA:193,0
DA:196,0
DA:199,0
LF:63
LH:0
end_of_record
SF:lib\core\l10n\translations\app_localizations_en.dart
DA:9,12
DA:11,0
DA:14,2
DA:17,1
DA:20,2
DA:23,0
DA:26,0
DA:29,2
DA:32,0
DA:35,0
DA:38,0
DA:41,0
DA:44,0
DA:47,0
DA:50,0
DA:53,0
DA:56,0
DA:59,0
DA:62,0
DA:65,0
DA:68,0
DA:71,1
DA:74,0
DA:77,0
DA:80,0
DA:83,0
DA:86,0
DA:89,0
DA:92,0
DA:95,0
DA:98,0
DA:101,1
DA:104,0
DA:107,0
DA:110,1
DA:113,1
DA:116,2
DA:119,1
DA:122,2
DA:125,1
DA:128,0
DA:132,0
DA:135,2
DA:138,1
DA:142,1
DA:146,1
DA:149,1
DA:152,0
DA:155,2
DA:159,2
DA:163,3
DA:166,2
DA:169,2
DA:172,2
DA:175,2
DA:178,2
DA:182,2
DA:185,2
DA:188,2
DA:191,0
DA:194,0
DA:197,0
DA:200,0
LF:63
LH:29
end_of_record
SF:lib\features\auth\forget_password\presentation\pages\forget_password_screen.dart
DA:10,0
DA:12,1
DA:14,1
DA:15,1
DA:16,1
DA:17,1
DA:19,0
DA:21,1
DA:22,1
DA:23,3
DA:26,1
DA:27,1
DA:28,2
DA:30,2
DA:31,2
DA:33,2
DA:34,2
DA:36,0
DA:37,0
DA:39,0
LF:20
LH:15
end_of_record
SF:lib\features\auth\forget_password\presentation\pages\widgets\email_verification_widget.dart
DA:12,2
DA:14,2
DA:16,2
DA:25,2
DA:26,4
DA:27,2
DA:30,2
DA:31,4
DA:32,0
DA:33,0
DA:35,0
DA:36,0
DA:42,2
DA:44,2
DA:45,2
DA:48,2
DA:50,4
DA:52,2
DA:55,2
DA:57,2
DA:58,2
DA:60,2
DA:61,2
DA:62,2
DA:63,2
DA:64,2
DA:65,2
DA:66,2
DA:67,6
DA:69,2
DA:70,2
DA:72,2
DA:73,2
DA:75,6
DA:77,2
DA:79,2
DA:80,2
DA:82,2
DA:83,2
DA:84,2
DA:85,8
DA:90,2
DA:91,4
DA:92,0
DA:93,0
DA:94,0
DA:97,2
DA:98,4
DA:99,0
DA:100,6
DA:101,8
DA:102,4
LF:52
LH:44
end_of_record
SF:lib\features\auth\forget_password\presentation\pages\widgets\forget_password_widget.dart
DA:12,2
DA:14,2
DA:15,2
DA:23,2
DA:25,4
DA:26,2
DA:29,2
DA:31,4
DA:32,2
DA:35,2
DA:37,2
DA:38,2
DA:40,2
DA:41,2
DA:42,2
DA:43,2
DA:44,2
DA:45,2
DA:47,2
DA:48,2
DA:49,6
DA:51,2
DA:52,2
DA:54,2
DA:55,2
DA:57,6
DA:59,2
DA:60,2
DA:61,2
DA:62,2
DA:63,2
DA:64,2
DA:65,2
DA:66,2
DA:67,2
DA:69,6
DA:73,2
DA:74,2
DA:75,2
DA:76,10
DA:77,0
DA:78,0
DA:83,2
DA:84,4
DA:87,2
DA:88,1
DA:89,3
DA:90,0
DA:91,0
DA:94,2
DA:95,1
DA:99,2
DA:100,2
DA:101,2
DA:103,6
LF:55
LH:51
end_of_record
SF:lib\features\auth\forget_password\presentation\pages\widgets\reset_password_widget.dart
DA:12,2
DA:14,2
DA:15,2
DA:24,2
DA:26,4
DA:27,4
DA:28,2
DA:31,2
DA:33,2
DA:35,2
DA:36,2
DA:37,2
DA:38,2
DA:40,2
DA:41,2
DA:42,2
DA:43,2
DA:44,2
DA:45,6
DA:47,2
DA:48,2
DA:50,2
DA:51,2
DA:53,6
DA:55,2
DA:56,2
DA:57,2
DA:58,1
DA:59,1
DA:60,2
DA:61,2
DA:62,4
DA:65,2
DA:66,2
DA:67,2
DA:68,2
DA:71,2
DA:73,2
DA:74,2
DA:75,4
DA:78,2
DA:79,2
DA:80,2
DA:81,4
DA:82,0
DA:85,2
DA:86,2
DA:87,1
DA:88,3
DA:89,0
DA:90,0
DA:93,2
DA:94,1
DA:98,4
DA:100,4
LF:55
LH:52
end_of_record
SF:lib\features\auth\forget_password\presentation\pages\widgets\pin_code_builder.dart
DA:9,2
DA:15,3
DA:16,3
DA:26,3
DA:28,6
DA:29,6
DA:30,3
DA:33,3
DA:35,3
DA:36,3
DA:38,9
DA:40,3
DA:41,3
DA:42,3
DA:43,3
DA:44,3
DA:46,3
DA:47,3
DA:49,0
DA:50,0
DA:52,0
DA:53,0
DA:59,3
DA:62,3
DA:63,3
DA:64,3
DA:72,3
DA:75,3
DA:76,3
DA:79,3
DA:88,9
DA:89,13
DA:91,1
DA:92,3
LF:34
LH:30
end_of_record
SF:lib\core\helpers\dialogue_utils.dart
DA:6,1
DA:10,1
DA:13,1
DA:14,1
DA:15,1
DA:16,1
DA:18,1
DA:20,1
DA:36,1
DA:37,1
DA:39,1
DA:40,1
DA:41,3
DA:42,1
DA:44,3
DA:46,1
DA:47,1
DA:48,0
DA:49,0
DA:51,3
DA:59,1
DA:60,1
DA:63,1
DA:72,1
DA:75,1
DA:76,1
DA:77,1
DA:78,1
DA:79,1
DA:81,1
DA:87,0
DA:88,0
DA:89,0
DA:90,0
DA:91,0
DA:93,0
DA:98,1
DA:100,1
DA:101,1
DA:102,1
DA:103,1
LF:41
LH:33
end_of_record
